NWZQSRRGYUTOVQHZIOBHNAQASROBXZPRPMLETAA
KKLIKJLJJIKLLJKLKLKIJJJKKJJJKLLIJKKLIAA
LPNOROMQMRMOQNLLPNOKQLPQNLLRMRNJPLPNQNQ
URTURTFDIRTFRTEVRTWNRTXARTGMRTEMRTIIRTX
WVUPTWRRQMOSPOTRSVVOQQSSVVTQQRQSVVTVSPO
UCBBDQBBREBBFSBBTKBBLOBBPMBBNIBBJGBBHAA
EBHWPONZOPLOFNXDMGDWIQPZBTJLEJNCRLUQQAL
VGCNDGPTYHOPOHLVCHPBGXYRBRKVQAMQSQHUDJA
GUCWJLZXLZUZTWVEYMKWMTTCYNOJLIDLVZRFVAA
WTPTHNVNKLLILKATXWRBKNFLSVTBINIPUZDKAYL
ZETCIPLRMUWCIPLZYXSYNEFLWUBOBNGAWJBQLIT
OHUFOIHIPTOIMXMXGFRRXGPTOYOYPJPJOHGFRRA
TBAACFAAGJAAKRAASNAAOHAAILAAMPAAQDAAEAA
JBZBBOIZBOQIBODEBOFYBOVCBOTQBOYWBOZABOX
OLRNLOKOSTRRNMPNSNLTROLOKMOLNPOMPLNPONS
TOQMWILLONJJIPNKXHLLWLSNWQPMLOTSISWPPMK
QNOLPSRSSISRSQPRTNTNKJNTNNTNKUJNTOTQMAA
SABABABCDCDJJIIEEFEGHGGMMNNOOPOKLKKRRQQ
HVWFPNHLLCFPNCLCHVLLCHVWFPCHVWUHLLEUHLA
LPLCWNLCCQLCBMLCMILCGELCJXLCJALCFNLCXAA
WOUPUVQPWORNOQNOQPOQPWPWOUQRNOPUVTOUPUA
HDKRKKTSFRKWZRQCTXDJZSSEGHXJMBEQRQPSOMX
OKSPSRNKNLPOKJMRROKRNOKLPPSNOKNJMRRSPKP
ABBBNMMNLKLLJJJJGGGGOPOOEEFERRRRDDCDAAA
RJQLOFTTFPOHINMPSERONIFGSHHUNPGMHSPJTPU
BBEFBAEEFFFDCDAEFFFEDDCDDCDFEDDAACCABEE
PSECKVPGXCPUFLTLDMVROLZOWNHSSOBUSPDIDMF
HNQPIQHQPOPONLKKJPIQHLNLNJKJKONLMKJLKHN
PLJMMIIVJVJVTNQPORMIPWVWQPTNLLLLPLPWVWA
MCLJJHECMMDLMMMCLMHECLMHEECMMCMMCDLMHAA
LMLUXGIXBOYORSNQPFOYHRRUDYLRWIQEKCUNRME
KNNCNNZPNNWFNNJENNCUONNRNNHONNUJNNXPNNR
BTQIUMNGHWGRBGPBIYXHOSNCIXKLHZOXLXSCMTK
SUOXNOSRPXXOXRPSXXSWQRVUOXROSNPRVXNOOSU
FNHFCKEHMIECFKQKICJEDOMIIKERMQQNJKGKCIO
QQQMSLSTTRQMMSNSLQMPQQSLSTMSNSLQSTSTMPA
VSTSUUSVRVRURUTSRTURRWVTVVSSSWVWWURRRST
TDYIDYSZDYOJDYRADYXYDYDLDYNDDYAWDYQYDYQ
EEHEEFEEDFHFBDCHGCHEGHFCCCEBHEEBFEBCGEC
RNOQOONRQMQSNPPRSORPRNRQMRQOOPOQQSQMNOA
QNNQPOPRPNRPONLSQPQRQQQRSLRRQSSLPQRLQPR
PTOPSXRPXWPTRVWSXUPSXRTXPSXPPTRZSVQVUSX
USLJSXVRQKSXJXOXRUJXXQKSUJXOQKSXTHHJAAA
DXYVJIYJYEHYWSJLNJYYQKKLOFDRCHLHBFLKFNS
VHUHOKVMGHOKDPOBVHGHFMUKOBPTGHDPPTGHUKA
YCUJMUPPTFXNSIZPXOTWVHMIHRYTKEIXXVWMHON
ZAPCAPOIAPZAAPAUAPNIAPZOAPICAPNAAPADAPL
JIIGMHKKSQQWNGJGWJSQUOQWVNJSOFWQLWQQMNW
HASENZIAVCRFFVMPROACWJFITWPBTYOLJWKHZDD
RZOELTBAHZROMPGARUTCIWJAEWWWWVGVLNBPQYO
UPPQSLNNHMLKRPTTUUUUQPPKUSKPJKOLJNKPRPP
SOXHHTPOASCKKNWIOJGAYXBMXAVVUYCMJFINXKA
VVIFICLPZXYWNPNHZSTYNHMOZALUUGVBVZWTKXA
ABBABBAJJJJFFFFHGGGPPPPDDDCNMMMKKLLQRQR
FVSQHBIZXRJUYJKBRNZKDETOCRHVUGPAERLWHMR
DRDEQQTTIEPOIBQTERCOHNEIJFMGMFEQBGHIAAA
KYTCLVOEXYHLJWDDICHXBAWQVKYJIGBWDSKAAAA
AEIMBLDEXWOSHMKFKEYJWJOVIMKUHBHRKHLGLUK
LLJKLLLJLLJLJKJKLKJJLKKLLLKJKKJLJJKJJAA
KKNEFVVHKKNKQOLLHKKVVNJEFVVCMRSBFIVRSKT
KZVQLIJNHXYQSWGIHSXYWQQQMSMXWGNMTHKGJII
QUMWMQEQERBRBDJMWUODJLPGURURUDBDBQULPGU
ETCECUOQOWFWQQPAVATZJTDGFBHTHMOCRBWMZWH
VMPRLUOTTHWRPWRGPPTOWHMWPFGORKWWOJVMIST
LDRELHZXCJGEBMQUXAUHFSZHNMQLUMRXKKSKXAA
BBDDEACEEBFCEAABGFFECGAEEFGBCFFFCCGEFFA
STBAABMMNMRRQRLLKLOPPOEFEFCCDCIJIJHHHGA
LLEKLLLFEGLFLFHGKLJLLEFFHFKJHIJEGIKHGAA
BDDVSGCIOLHXBPMLKCTMDERQMHAFDPUCCIYXNFA
GJBBABAJGCGKJDIBEDBKHBKAJDFBCAKIAJBDBCJ
JWKDRUNVMLGRPNRUGRWKDRDRUGPNVMUGRPRPNVA
XPXJGVVLVNKEJSTUUISVVBWQDDBUISBAOUEFWCN
QQQNMKSLMPVPTLSLMPLLSVMQRVVMPQOPVOPRKTA
WLGDRBGYDYFKFLAOLHDWWIDYFWKCBXZIUWHVCAA
DUICJYYQYAYUUBIQUCJUZSOUWKYGFXWRMNXRZUA
KJWEABKJWEAUEHVBKVBKJPWHVAUEIWEAUWHVBAA
HJNLJJIMMIHJNMLNLLJIMMMLNIMMLNLJIKIHJAA
IHHJMHHNWHHXOHHPSHHTUHHVQHHRYHHZKHHLAAA
CBBDOBBPGBBHKBBLEBBFMBBNQBBRIBBJSBBTAAA
WVWVVVVVVWWVWVVVVWVWWVVWVWVWWVWVVVVVWVA
YWOAWGQQZCOLKJLPWQZLRXKJDQZNCLWZHWBFNYL
TRRSTRTRRRTRSRTSRRTSSSRRSRRSSSRSSSRSRRT
XEFEEGPEEQREESTEEULEEMHEEINEEOVEEWJEEKA
MUPIUXFLWLWMUWMUPUVURFLWMIUVUVURXPIUVAA
DDOIJMDNNSLGEKJPDRSBIKJMFMQPNNDLONHQMMA
HIGTUHMUAHCKRSIOBYYFYKMRQZIHQJUTUHMLPDL
LGLGLLHMGGLLGLILIJNLIJFJNMGLHNIMGMGJFLI
OLFGGNKMJKLFGGNLOKKKMJGGNLOKKMGNLOLOKKA
ORFLSAIAJKSAERERCBJKHFIAORFTFLHFIACBIAA
WSRKLDWSRGQHDQHDWHDWSGOGQKLNPOGQHRKLNAA
UPPNPPPQPPQWPPWGPPKLPPMJPPJLPNPDPPPQPPO
RAPOAKEASJJDYAWDYVJVEZGPTVJXCXMOFBFZZCA
RHIOPGKKGIGHOQNLIKKNLPJNIGIPJQHOLKOMQRH
PUYSWTUSSTRSYYPUXSSVQVTRSSWXQUSSPSVWTXS
SYMITZIOSQVHEJSPUPIWMPWMOXLNICAAWBATFAA
MQUEKWFIYBQBQYMVFLYQCCFJAJRGJASUULTWDBQ
KLMMLMKMKLKMMKMKLKLLMMMMMMKKMLMLMMLLKKL
GRLRSKTRSQFRSPJRSDHRSXMRSBCRSFGRSVWRSCA
RTUSUUSUSVVRTVRTUUSURURUTSURUSUSUUVVRAA
LLZRKTBNYSWZLSZHJFSWQATDYTJSWQCLEBNQPKA
ORMRODRMCPOMOHNHLLMRPLFOMLDNEJOFFGHDSDR
KHKKINFOMMJNGFHLFONFOHNHIMONIJLLGNLJFIN
KIOQQPLROLQQJOJKNKOLMJLRMMMKJMMQQKKOMLA
EABTZJGMLVLFDHQEPCOAMLVSLDFLZIBHTFBMVFX
RSQSRUUTRSSUPPPPSTUPURSQURSQRUUTPRQQAAA
BAABAABNNMMEEEEPOPOJIIJHHHHQQQRDDCDLLKL
RDSKFNIJHSSGSDOOFLIELEOJPPFIELERKRNDQSE
KFHMZUENFLNZKKPKFQXDDBFUJKRICJYUEURIAAA
JEQNESBSHDTOPRMHIGJOLCDNGFBQTOTGQLQTIEA
MUJBJAXSIWRCNOHBPINRSMJTUNTTUMUOUSOIGYX
WUALGUQNQWCECEZXDPMQTMCBVVLYFVXGPIKVAAA
TSSSSSSSTSSSSRTSRSRSTRRTRRRTRTSTSTSSTST
PVVTLHLLPPSWONOSIMWTPKOOHLVRPUTOWMPWUIW
NJISTFJANJOQLNLNJARSEEKDBRTFRSGFOQBRGFA
FOALFHMMKALMCIEEMEFAFKMJKKALCOLFJMFCEDJ
PJOXZXQJWFXOYTTMDQBKWLJTSVSJVSAOWMKLBAA
KEDEBDCHDEEBDCHEDEBDEBDDEEBEKEDDCHDCHDE
QMYXMYSRMYNTMYHMMYIMMYKFMYTPMYMOMYAHMYM
ORVRNRMLVOLVVLNMMUQORVROSLRVPMPVTRMUVUN
CXAVXASSXAMPXAEIXATPXXACXANXXAEYXAWGXAO
OQYOWSTZUYNSTTZUOTYNSUOQYZUOQYOWWNSTZAA
UCBBDEBBFIBBJOBBPQBBRKBBLMBBNGBBHSBBTAA
VFPEPOBUVQOBNTIEBYSPYMPWENTIRGIOBYUZCXZ
NVWYQQQDLCFPVAKRGSGQAVYVRNYNYKLVZBCXMQK
OIJAHVNIJAHAOIJNAOIYMYAMYAHHVNAVNAOYAHV
BAACRAASJAAKDAAEHAAIPAAQFAAGNAAOLAAMAAA
MATXOWXIVBWFVXNLLSUWYHPJURIWHHFBPSXHRMJ
WPFCMRKZZLXDSRDOOGJGWPAVSNHUCIQDFGATYTX
YURGIMRGNRRGXYRGSHRGBARGOCRGRERGFMRGSAA
OAZLFEPSIXONAIAZTTNWITEKYWLCCHLXZKVOGQQ
BBAAEEFEKKKLPOOOQRQRCDCCJJJJGGGHMMNMAAA
SYVZIHJVBPWMWQIEHYOXTKGYEUDLNROOIQXRCAA
RKROJQOROIQJSRIJKINRQRNMKNIOKOORRPPNSPA
YDAVCJNMMQCQGRMRTOIQIQOQMMQKMRHXDDASCET
ESKXYCWUYYIMAVBTGMNQYEAOEFKMUUKEDFITRSL
NMMLMNLKNKMNNKNMNLLLKKMNMMLNLKKNKNLMMMK
MJZQJZOXJZPEJZPFJZJXJZPBJZAQJZPHJZFWJZB
FKHABCLDBDBDGEHHAAHLKADFLKDEBBJBIGFHLDE
ACFACAABIFBGGICBAGCAABGIACAGHAIIBGIFCBA
UOCUOCVOOCOOOCOUOCAHOCTLOCHUOCOUOCBEOCA
UBCBBDQBBREBBFOBBPSBBTGBBHMBBNIBBJKBBLA
AAVYMIMAAVXDGVDGVMKKXDKXDGGVMAAVYMVMAAA
TBBBBLLKLEEFFDDDDNMMNJIIIHHGHQRRQPOOOAA
GJSJFWOOIRQEBBGSQFGQYCYYGBEPRQSQBDQGHDK
WTPSTPOSRNOPSYUXSRNORQQWYWSTPORPORQWSTP
CBBDQBBRGBBHOBBPMBBNEBBFSBBTKBBLIBBJAAA
XFLNVYOEVMWJXFVYFQZUOEFQLSLSZULGWJVMHSA
SIYGLSTGHEPPHIZXYOVGPRYYIRXFMEKYRJIGAAA
CHYIHYNAHYGHHYYUHYXKHYXOHYAMHYRTHYKHHYU
PSMSMPMSMBKSMHNSMMSSMTQSMUEPSMNSMYNSMNA
SSAAAABOPPOEEFFHGHHIJJIQQRRMMMNKLLKCCCD
VVWXWXWWWWXWVVXXXXVWXVVXWXXVVVVXWVWWVWW
NIPETTPFJLEGCRLTEFHHVWFEEJIDVIVDOVWIVCY
NVDJODJOPRNVDCSLSLSRNSLSRPPCSSRNVPCSLAA
VQGFQGEJQGBSQGIYQGCKQGGJQGIBQGJPQGMNQGW
KLEISGKLEEISPISPFHFFSFSGKSGKLSPFQFFSGAA
JIIKPIIQTIIUVIIWXIIYRIISZIIALIIMNIIOAAA
CEHSEHJMEHXSEHBSEHJCEHLNESETEHOVEHZUEHQ
QWSWOOPUTPTRRQWORVRRRQWUUUTTTTVRRQWTTVP
LSSWWWSUPMLTNQWMLLSVTMLPXLVMLUQVURWSRUU
BABABAQQRRNNNMJJIJGGGGEEFFCCDCLLLLPPOOA
WHQMLPLUPQISKOLLOIWLIHUWPLTLJRWIQWLWLJW
QPNPQRRRNPQTOSRRQPTUOTNQOQRQORUNSUQRRUO
PPQQQOOMSNOUOMMVMQTMSSQOTVPTMTQOTQVQNRU
SEMGAKUZFFCIFQAVCAJLPMKGKRTYMVOOVMKJCEJ
LLQOPWRRMXTNOXLWSRSTXNWSWXXYQLYUTMYYMUN
GKBGJHHEEDHKBGJBGJHBEEDHHBEJHHBHBEEEDHJ
DCCEHCCILCCMJCCKPCCQFCCGNCCOTCCURCCSAAA
STBBAAGHHGLKLLCDCDPPPOQRRREFFFIIIINMNMA
RNMHMTSNONRMJWWVPWTWTUROTKUSHNILQLTLNOT
XAVKMPCIWNUQPHYHCPRZOTOXDIWYSSAIMHAMFQP
ONRKPQLLKQNPONLNLLKQLLKRRQNQNKPRKPOLKRR
VFDKSNZXILAFCKMASIJFZFXUWQBUWQBUUJMFHQL
PVVYJYJKUVNKOMLNTLNTJRVVRUQPVNSPKMLNTAA
AJOHLMMKJTNFRAVBGXHINKKYXUMEFXNDTATVAGW
LSASCVXSCIESCJESCAFSCITSCUGSCJNSCXPSCYA
TSBABANMNNQRRQEEEFDDCDGHHGLKLLIJIJPOPPA
NPUJSJUBVWMUILUULFNHONHELWTCABRKGRZLFNX
BABBABBRRRQPOOODDCCNMMNEEFEJIIIHHGHLLLK
OBEBSOTVNQPIENRWVIBIFVNMHDBPTAUZDHODYWU
LHIPESDHHHESPODGLHPODHDIESRCDGESRCHHRSA
WMRWQQMQMWOQWSUWWMRUPQPWMRWOLOLLOLPQWSU
FQJMQKUPUFQKUQUVIGOPGPUQUPGUSVMVMMQGOUS
EGCNDKCBIHQFIPHHKPDKCMNIHHKPEGIPNICMCBA
ICHCJIDKKHICKCIFDDHIHKGIIECHHCIGCEKFFCF
MQVZTOKBJBSSNRYOJEHIZQPOQGKQHVKOGFJEXRL
RJQGLQGLQQOHIGLQOOHIDIDGFORJQHIDGLQOHAA
KRHYRHKPRZRFRHTDRHKZRHBGRHUQRHTRRHMCRHX
QZRZRRNYQQZXOUVTQPPQRRWWWOXQQTTUPWYQUAA
VVURXVTRTRRUVUSSRTYUVUUTUTUSUVSYUUWVQSV
JLLMNKGIGIILMJLMLFFMLIGIIMLFFMNKGILJLML
RQPNOMSNQMNKMRTSLMTRQPNLQKRKORMQMPLMNOP
NCEFFKZJRCPURHMQGCGJJENXGAUMYFHUTNURYVG
VVTUTVSVTTVUTVSSSSVVVTVVTTUTVTSUUSVSTST
ACJHKVIZWYCMAHGIWXCMXLMVJYSPSRAEDSRBUDD
MNVPNOGDQZRDYFLHDQZRLSHTWUTLFLEMOEUZBKD
WFZWLTXXSWLKYIPNMRURUGLZWNMPIUOLEXSOGKY
POOQVOOWROOSBOOCFOOGXOOYTOOUDOOEZOOAAAA
MOAHTBVTBVBMPVBJQOMFRMCVDBOBLHYHJRDFEPT
OLMTTQMOTNRRLKLTLKNTMJSNPSNRKNOOKKJPTLM
TABBAFEFFJIJIQRRRNMNMDDDCOOOOHHGHLKKLAA
UJYPVNQQWYJPJVVPMYMYMPVPJVVWJPJVTPXJVVT
MZVPGYUHMTDUABLJZNRFNTXYHBGKYTKFNHNJAWW
NXWWXWLOPNLZQMRLHGFFWIWOIJZNHYTXWWOIIOP
AEWUQLWWUTEOHFIJOEYOSNRHNOGNFYKZZYEFZZQ
PCNTDWXUQUGPQIFTNCMGGPDWFTQIXUQUEMNCMGA
POPOPRPPORPRRORPPPRQQPOORRRQOROORQRQRPA
PAKEQKUCZADQYYMXMVSECLOVDLBLPVYMCTKLSAA
GFHKAJACOHQAODDEJJOHGFAJDENDFCODNDJJQAA
ZZUYCLOQJGVUGXQDVFREFNVWNRYDMSUHHAMQOAA
ATFNNNYQUKVSFCPLVLMUQTZVVDYCPWNUQTZKTHC
CKJJLOJJPQJJRAJJBMJJNUJJVWJJXSJJTYJJZAA
BTLTQUUTQYXTQNKTQWCTQWZTQZUTQFHTQISTQRA
BABBABBMNNNGGHGIIJILLKKEFFERQRROOPOCCDC
RSRQQQURSQRRRUTSTUSRQQRSQQURTUURQSURSQA
FKGVOUPQGGGOPGPUIIGGPUIIGOOUWGPGWSWGPQA
MHEHEILIHJGOCKDOMGEMGEKNLIHEINFFOMOMGOA
STABABLKLLHGHHFFEEIIJJRRRROOPPNMMMCCCDA
IXDCSCCQMNVYBKADMQLAXCDPUHQMAOVKFJYTMLG
TCQDVSNNQVVIYOFQMCCDWGFRFJCEJRFXBUCIUQW
GKCMJRWIMELYLDBZTGEAYNROOXVGMYUFMQYZKCU
RAOUEICZRMCQZTVPWCOTDCZWISGFEQNCDKVTBAA
MHSJRTVLJOMVMJOTSPPISLTQHTMOXNKPPULKXSQ
GQXUJSBVXSUQKGRURMWSPXQRGCVBJMLWLEIIXES
TUZHXUZIEUZJZUZBEUZBVUZQCUZXZUZEMUZDAAA
OXKHEJLUZSVQFKPRKMCEMLVGIZFUTAAECPSLIMA
TTSBBAAIIIIDDCCNMNMPPOOGGHGQQRQFEEEKKKK
BDHBEAEIBEADHBAAGADBAGADIBEADIBHBAGGADI
CMQNDNSUCOMMTHTVIKVTHRPLOUVDLILHDOEHCSL
SNMCHKRKJGERDGKMORSIKLELIGKKOJMEDRIFRPL
FYAVJJHDYCUGYCCGYCCBLHTLQXGMBLNEFZYIVMO
KJGHLILMIKMIGIHLIGJMHGMJJGGKHGIMGJKGIJM
STCVTCIOTCVSTCBOTSTATCCFTCUXTCCSTCGITCW
GBSQOUSQRVSQAXSQWOSQESSQRMSQHVSQHXSQKAA
AAABGGHGEEEEKLKKOPPODDCDQRRRIJJJMMNNAAA
WMQGYXDZENGBXQHFJXGVTBMJMLRDPFGFUOTLRGE
QNQQPQONOPPONNNQNQNPQPQPQNPQOPNPNOQNNNQ
NNUGFPYHLZVBCUAVSKCAUWWFXXLCLAKIVKVFOBA
UNRREBVLPTASBDNKCTUZXOMFFDQSORIGCOYWNJA
YHYQUVFDQUVWOFJOFJWJPYHJPYHQDXYWLXERTMV
JASPOUEOLXUEOEXUEJJASWEXUSPOWPOWEOWEXAA
TTBBBBBGGGGIIIIQQRQOPOOKLLLFFEFDDCDNMNM
UPNLVSTJLHTNTLGWUJUVWIRUHOLQQHGOLQJPLPV
LFJUFMVUHSNFJUPNCRXIWWYHSNCHWQTHSNCXCWH
SSTABBARQQQKKLKNMNNFFFEJIJIPPOPCCDDGHHH
SPFDRIROHMJKFDOIGHKILPSOPKDJKMISEIIRSEO
KKJLKLKKKKJLKJJLKJKJJLLKKKKJLKLKJLKKKKA
VDSGXLXZPEZOGUVORGIDKSTXIJTPGBSUXFEVDSG
OJONJLPVRKLPMTPPUPLSLPSMLTVSURRLKKSRNTM
YFGFFHQFFRUFFVIFFJSFFTMFFNOFFPWFFXKFFLA
BAACJAAKLAAMDAAEHAAIFAAGNAAOPAAQRAASAAA
UBBCBBDSBBTKBBLEBBFGBBHMBBNQBBRIBBJOBBP
VWXXXVVUUXVXVVXXVXXVXVXVVUWXXUUVXXVUWVW
ZYQQVXYCKWUYAAMVDWTKFTWJEOTPWJSKFTWPOHY
IXTWJHTNZOKAKUZXDQKUTWXRIUHDNKANFCGQCNF
VSSNSEBAQRHLXZWVWBJYCNAHQDZWJVQJRAEWAAA
LOJJMPKFLIEFFGHHCIIFLHDIEOMHFCPCJGMDGDE
XPULAYHBZEPZPRUSFQSPXUILAYHWKJHHOJMCRUB
ABBABBAPOPPHGHGKKKLEFEFDDDDQRRRMNNNIJIJ
BOODUDIPIICCQLJBSIKHEBMJKPHKKTDDHEPMUHB
NTPRGIARSDSTECHHFVERAEZPVLRJIFJPGLOLHFV
NFYGTPHGZYZMCPZMOZTWLAKNEFKIVKMGHWYLQWI
HHFGEGFEFEHHFEFHFEHGGHFGEGHHHFGHHFGHHGH
GYLRVAWOWOMXTKRJJSRXYGVYWTRAXLMHCXBDWFS
JFNWOROJBBJJXSJRWCDQZVDPOWVSSENISBXZZYT
TUWUYYUWYYVVXVVVVXUUVUTUTYWVWVTVWUVUVXU
SIJOJQXUSNKHSXNLVQPMSSWRHPUOJHVKPKKKAAA
FKOTHUWMJLHMWMNNHMQGFKJLQGSGPTHUSGPTHRA
WYDZNXJPMMWFQJTVVPGYHPHPPJXZPUNPGBTQOVY
QOYIOYQLOYTVOYYCOYKEOYLROYWROYMUOYFOOYS
OKIPLSFMOPFEMFOPLOSLFHSFNRHSFNKEFMMESLA
SABABAAFEFEMMMNPPOPCCDDQRQQKKLLJJJJGGHG
EMLNDGNNEMLLNFNMLNFJKIHFIHKEMJKEMJKLFLF
NYABKTYLGQBATBLFEJQQMUQVTWFSFWTWZZQCAAA
QKRMGPJHFKCTELMIILAPSZFPBWNCJUMVXMUISAA
QETRETWHETDZETPWETAVETZYETJXETOAETCIETP
QRRUTSTQTROTUOPRUTSOUQUUTSTROOTSTTTOOUQ
SSTBBAAGHGHKLLLJJIJRQRRCDDCFFFEOPPONMMM
EDRVGPYNXXMKJUPSKIEYVGPFXWDGCUBNVBZSLJA
FFEHHHHGFFFIIGGEHEFFHIEHHHHGFGFIFHGHIGF
RSGPASBRONPKEADPJCCEOTCCELRCOHKDOTKBQQE
BERWAMVVOZSMUYVSUHBOJAJQCKUIVXHIWJHOAQV
CZGLZGVSZGMFZGCVZGXCZGLOZGNGZGBYZGUAZGI
EGVLLORMTUHQWQHZEVOKDHLJKYOOMMPIGTRFAAA
XSXJSQSVQZSMJUJUXLNQSMXLXSQZZPSQSVZPLMA
UOSPPHOKOGUOSQGUOSPPHPPHOOKOOPHOKKOOTAA
KDGRRKTSMMGTRFMPOFNGBFMEUKCMGRPMFPSNNEE
CYMYTMOYTYOYTIXYTXFYTEGYTHQYTTGYTEWYTTA
RQQSVQQWBQQCZQQADQQEXQQYTQQUFQQGHQQIAAA
NOKNLNOMKOOMMOMLOOKKNMKNNKNLKLLMNKMNMMA
POSRHSVHQHNUKLHGSBZAANTCRZJUOSXPFFWXKUN
DMUKFBCVMEXFWIHPFBWHWDHMUKCSGGDJYYEBKRO
VXHOZCRZCVXCRIHCVXHHOZCRIHOXHOZZCRIIHOC
RWPPXKIKIRWISHHPPPPPPMLHRPXGSISMLVOHHHR
OJTKJOJHNKJNKJOUJLNJOJTNHNKRUJLJLNHLNHN
UTNNNJMTNNJYUUTJMRNNJMRKYUUMRNWUUTNRNWQ
WQNPISZBVTNCGDVVGBBRJOUCEAHIXCGUPRPQBUQ
WVVXGVVHAVVBEVVFKVVLCVVDMVVNIVVJYVVZAAA
LUXSMJOWKVUQUMXWTKRNJNXULUXJNXORNJNXSMJ
ZGLVHDGZGLVXUXRATKWSASGJRQIWXBKDMZYRPMJ
YWNZRVWWTMXXXPUZYRYWYZWZMSUURYXUXVZWTNW
GQYNQMFYNRMQYNRMFGQUVNNQMFGNNQMFGQYVNNQ
WXUKDHXMRPRPGUQHWXDHEHGUQJQJWDFHQHEHXMA
IXDJWHBQWSUNNEEMZQPSSFMSFMSTHEUYLCZTDKL
PVSQMIORSGHHWINWWQPIQRRKITWOMTVVPHMNKPK
LHKZVKWVYHLQBNFHEXFPMESNYLNJAWMXMEOGDMW
ZBFLBFGUBFVNBFHKBFWABMBMBFJQBFJOBFWMBFD
UMGIJLNTIPKOIUJMOTUHQQQJGRHKQKINMGTQSHM
ZGHGGIJGGKTGGULGGMXGGYNGGOVGGWPGGQRGGSA
YLFKPJQUGIMMHSGGXTYKKQLMSRUQPLKQNVLLEOM
NXNJWFGIHSAHUOEFFQLIHSAYIQVGJCDUTJQMDGZ
STBBBABPOOPHGHGQRQRJJJICCDDNNMMLLKKFEEF
ZOFJXKUKFKHQKLNPYZWFHBFGYOUGUYIQDOHXRQS
XEEFEEGLEEMNEEOVEEWREESJEEKPEEQTEEUHEEI
KGKHKIHGKKHKJJKIJGGGGGJGHIIJJGIJHKIJIGH
UXWTWXUTTWUTXVVUTUTWVXVTUXUVWWWXWUWTTWA
GNAUVFXLBBBBICADSDEJADFDJEICGNVFFDSDXLA
ROTOVSVVRTRVRQVWYUWVSYOOOPVVTTRZWRVRXZW
JNMKLHQHJKQHOPPKJNHHNKHHQKHPIMKHHKJQMIH
XZSTTZLNHYSWJNNLRRRRVUNSSZXNQZKNXIWKRXR
RLCYAVTIDXRRTMFGCTQKJKCFYPIHYAKQFPRCLHG
GXDRODROVXGXDIXGXWXIXROVRKPWXXIXGPWXIAA
CQHBBKUULOOTLFJRIZXEVIULCIBXXLOOODFCRDC
OVGQWPVXPYCAADTOCPGFULKQAIMIWYVLPXFENAA
YMHWCJNQULVBIVFOEIBGISJZBAQFFCLQITBEIBJ
HGGIRGGSTGGULGGMPGGQNGGOVGGWJGGKXGGYAAA
MHIHMHLHLKKJLLIKMMHLJMHKMHJLJHLIMKJILHL
POOXYWSWTWTUOXWTPOOXNYPNWSWWWXPSWXPSAAA
UVUVUWUWVVVVVVVVUUWVWVWUWVUWVWUUUWUUUUU
QOPOQPOQPOOOPOQOOQQPQOPQQQPQOQQPOQQQOQQ
TABABAACCDCJIJIGGGHRQQQLLKLNMMNOOPOEEFE
FSNXTPDIVMMLSJVHSTTHXAGUEFLCABJRSRUAVNA
CDDXLEYILFPKBQHJTVGQWNOEMZRDLSOREWJDWBA
VULTTMNNMIVKHJTRQQMCGMBTJFRIRDYMLTCYESK
YAWUHHLXSRFZVLJSMHKYAWUMSXTWUVWMWTJOPNK
LKKMPKKQZKKAXKKYRKKSNKKOTKKUBKKCVKKWAAA
FKELGGGELKJKJLLGGGIIKGDGIFKGDLGDLJJJJIK
STTABAAIIIIKKKKPPOORRQQHGGHCCCCFEFFMNMN
NTZIDVEZJTBSRSOGUAIZJLTNTZIGMSIFKYVNZVJ
AIRPAIRPAIRPAIRPAIRPAIRPAIRPAIRPAIRPAAA
GJNNJJMENKKKJHKKHGGMEJNMEJNNLJEEHHEHINM
OBULAORORTRSZCOOIKBKIRSRDCNTUYHXRAIXUWY
CENENVIENONENVIENCFENMJENWAENYCENVDENYA
OEKKSHUNJCMJKECUFUNXEHJYKYXFPEOMLIYWYSF
BTQIVRMJKQVMYIJQUJHVIVCCGHRHCWWWHQBROCJ
BAACPAAQLAAMFAAGHAAIJAAKRAASNAAODAAEAAA
UCBBDMBBNIBBJQBBRKBBLOBBPGBBHSBBTEBBFAA
MXMOUXPXXTOYMNXXWMQOOZWPTWXQUOTWRWYTNNO
PXBRVLEFLVIUZHTAOKWEHBYLZOFHDAXDUJQMLSA
PTUQXXIWVLSMSMTIPLMYWURWURORVVQXOXOLNWX
XKLCEICMOEAWKXHDSWEEBKGQNXFLXAYCDKWKUFT
JNKANKKQNKTINKMNNKRINKYUNKIANKPDNKMQNKW
STAAAABHGGHRRRQFFEFMNMMPOOOLKKLJJJIDCCC
OOSTMQTKSORQPQNORQPRRMLNNKQLLSRPSPPTAAA
VLIGLIMKLIETLILFLIYWLIMYLIFZLIHZLINULID
GCQKKBVIZILAKMZVLPDENWCYEGOZILNWPULALNL
OCOFGXGKGGHATGPIDRAFPZHWOUHEWPNKSTJZJWB
HGZUYWAXNWNEOMCNESJTDAMIDJSLVAGSJGIDBCU
XEFEEGVEEWJEEKPEEQLEEMREESTEEUNEEOHEEIA
SRRTGRRHARRBERRFWRRXCRRDYRRZIRRJURRVAAA
TSBBBBBHGGGQQQQIJIIKKKLFFEFDDDDOOPPNMNM
DJOZUICFARXGVJOVPKXUAQPNSLHXANNFPTWVVAS
VRHMSUZMXTCFTOZBVJNBWPATMMSXUYWOGXIOCQJ
VWWSDISKXWMSIQRMOPJLXTNFMKOABFJHBUOZVTJ
TPECSHJFTEZHJBWEXTIQBZICSFOXHJKSGQYXYLW
WXYKDMPLQGVRWXPPENKGPPYTTRDMYTENVRQGKGA
BWYWDIWVMZGAAYYLMMOCFCBPUYHJTLCJKKDUUAA
WWTVSVWWWSVUXVUXUVSVUTVSVXURXWWWTUXURAA
TTTBAABCCCCNNNMEFFELLLLOPOPQRQRHGGGIIJJ
OFMUNTRQMRMFWXOISFUZHTUYSMJLNSUTIUTQAAA
NVUUWJUUKLUUMDUUEHUUIFUUGBUUCZUUAXUUYAA
GBLVKEJCLUVUVZKRUWIDPLSYFXIPGWCAAMCFXQS
RALLITJLIAMKGWZLIAMXTGOQLFNKKBLEXIQOUCU
SSTABABEEFFDDCDLLKKPOPPGGGHIJJIMMNMRQRR
NVXYLWPWQPNPNVXULWQLWQPQPNVXYLWVXYLLWPT
ZGHGGIJGGKXGGYRGGSPGGQNGGOTGGUVGGWLGGMA
HNKFNKUJNKFBNKTYNKIDNKYGNKFINKCTNKRTNDN
TAABBDCDCHGGHMNNMRQQRJJJILLKKOOOPFEEEAA
XRXKKXSWRMRULWNXPQKOPSTXXTLOLWIOUQIXTLS
UBCBBDQBBRSBBTMBBNKBBLIBBJOBBPGBBHEBBFA
GGSLVZTDKTDYJHXPETADERBMSASWWRTIAGPELVV
XZAZAZODFWVADAOUEAMDECCYBYOBRPRQBFFWRJT
ZYXYZZXXZYXYYYXZYYYYZYZYZXZZXYZYXZZXXYA
FXHPNRSRWIFPNRSWHMGFJQGMGCQERWIIFXHTIBW
UNDQGUKEIZCKEEABXWLBYOCAOVTWEYZRRGMXJON
DVUEYHMWDCKYKHNSAOWIYGNSLIVJEPMNSTLETDV
GIFLJKMIMGGIHDHHIDIEJHIKMGDIMGGGFKGLDFD
PGHIZUNZRDSJZUVLTMTYYRPJIHHXNMXRZJNDSEZ
PHURHYFQTPYKBSDTYGVKWAUBSDSNCPCWSDKINCP
AXIJPXIXYXIUEXIIDXIBVXIOAXIYGXICQXICAAA
UBDLBDQOBDVTRBDCBDARBDZTBDXKBDZSBDFDBDU
CFECFFCCECCFFCCEDECECFCFECEFCFCEDCEFCFA
RONGONJPONAIDONOONGQONQDONVEONTHONLOONP
STABBBJIIJCDDCQRRRFFEFLLKLOOOPHGHHNNMNA
ELKSPWLZPZPSYKOVKYJPHZKDOGBBWRTMYZIVSLO
YASOUXXOMIXYASGXYAOUXOTGXYASOUUXOMATGXA
WIMTESTFQWPPVQRONFJQFUWONFJKVVIOLIPETTL
WUJLWHNXIXIXNNJVMSGTNXXVWUJQGTMSJQNNXVA
OKSKKSWIKSXHKSTDKSZUKSBQKSSAZKSZKSJDKSG
GNJBIMBKEFDEHGCBIMEBMJBMLBEENNMKNGGCFHK
GRUNLWGAHPOTGOLCWGSBSMMDVNBMMXIVBSOHKWC
XVUPVUSDVUPSVUNXVUPDVUENVUUWVUOKVUBIVUD
PARMGNQRHPJGNQRQRHPRMGNNQRHLPARARMGHPJD
JMITJMITJMITJMITJMITJMITJMITJMITJMITAAA
BOPEEOETIAFHHXEMQLDBOPEVGIGHLYRBTLVSRLJ
MVPEAWJYZEPYQGHCUTUOAVBXRLFOWOJEJVWZAAA
QULHVVYRVSOLJLLXKQBNWVBHKQWAOKBCPJLBAAA
IRTOCRTJYRTERRTNHRTNIRTZYRTYDRTJIRTFAAA
UBCBBDEBBFIBBJKBBLOBBPMBBNSBBTGBBHQBBRA
JEFJIVZCYQKNBYWHYVWHTSUALLADBWAUXNBGJVV
QHPOKOILPNIPNNIINNNIJMQNONPIQHPILPIPQHN
YBSMDMKXTEINEGSQSWNTKAYISTKNVBRJUNGYBNR
YZUWVZXWXVWZWVUZVRYYTWZQXWYTWUQZTZQXXWU
IWNAYWNQEWNKEWNUOWNDAWNUDWNOGWNQJWNZAAA
OXBWPYWSLOCWYPLYRECMMTCIBYVJIBQLMWPQHQG
UIHRJUYHDEZWRQUJGASNJPKGASEECLSXYJHJGAS
FEDFEDDFEDEDFGGEGGGFEGDGEGFFGFFGFFGDDEA
POPOTNOOOUVTLJNLJNVRLTLPUVSVULULOTRSVNN
YIDVULRQOVPBOKLWOJHITTUSRXOPIENNDDFJHPX
SAAAAAAPOOPHHHGLLLLEFEFRQRRDCCDIIIINMMN
YAKVAKDDAKOZAKUHAKPTAKGRAKBJAKKADAKFAKC
TAABAACLAAMHAAIJAAKFAAGNAAORAASPAAQDAAE
UQXCQXZEQXYDQXHRQXKHQXUIQXKPQXHIQXFIQXH
UDEGHDWGHDWVGHDVGHDFNEDVWDOPFNEWVWDONPP
PFTCEFTEVBXWUNDDVUEMXELXHRMRUXXXKVPTSLW
AIFOGFNMLJOPOBNEIHAKMJCDGEFNJKDGBJKDDIP
ONNPANNBENNFYNNZQNNRSNNTCNNDUNNVWNNXAAA
KQRPSRMLOLOQMQOORLKQOLOLNPMMSQOORKQOOAA
TBAACJAAKFAAGLAAMNAAODAAERAASPAAQHAAIAA
TSSRURURSTSSRURSUSRSTSSRURSURURURSTUSRU
SIJHFQNJSGMMIRHKIKLFKHOPMMFKQLONOIONAAA
SURUVXYSSSUOQPWPOQPVSSSPWUWWUWTVTUVPUQV
FKJEHFEJDEGEDHJEHHFDDFIHIGDIIGJJIJIGEKH
ARZJMPYSOAZBQKZQJXTUOUVRFPPGXQEYHKEJQAA
NMLNQNMPMLNNQNOMNONMMOMPQLQMMLQMOPQMLNL
BBABBABKKKKFFFENNMMHHHGIIIICDDCQRQROPPP
DEEHVHKVMFXXBKLOSFCIZVOVHKWVFNAGIIIUXRQ
MKBKIXXQMKQFOQOQDSIXSPSPQLRDXQQLQFDSMCA
UBCBBDEBBFKBBLIBBJQBBRGBBHSBBTOBBPMBBNA
UDFAESPUPAPLLGTDTNGUDFBPLLTITDNUKTTNPKA
BJIIKPIIQVIIWZIIALIIMXIIYNIIOTIIURIISAA
YPSRNBFUUJBDNOTUUJBUUMXQZZNOEHLSIINHNAC
KMSIQTGHKMVKLLMIKILLRRRRRLQTVKRLTHKIGHA
BFMBAJIMIEMCDHJJMJEEHFMBAMCDMJEEHHAKCAA
URKWCYWNTUKTUKSBYEYZRWKUUXBASKQMIOCAEGY
MTLMRSKRPORSTTKPTUKQMTPMKRQPKQTUQPPOKPA
QRTUUQUVQUVURVUVTRVQRUQUTRQVVUUUVVQQQVV
VPPXWXUVUTTWUWVUTQRQVRWPUWSSTRVTPWPPSRQ
AMOIGOOONKQGLEAELESNRJFFIJEJHSGOESOQJBN
TSQRRRRRRTQTQQRTQSRRQTQQSQSQRRRSTSSQRSA
KYMEJHAADUHHBQHZXVWQREJJERWDTOPZITYJWHN
PMHWERSFNJTGRIWALENJUZDWLTKEGSXXSMBPCMH
CMFOQRQRXTMIEWXTBFEWPCGMNTVFMIPCGMBFVFA
QYWUJRATVQJPXQZDOSLNHBEHTUPZGYIWQGXWNNH
CEUCVYPUJOTNAVVYTNICCEJOROROICAVQDDMPUA
CUAJDZKLYNFLAZHNXMZQUGFHTZACQOLGTFXUWYF
TSSBBABHGGGMMNMLLKKQQQQJIIICDCDEEFFOOPP
SNROPLSZZWYNSKLYYPZIRTOLSXRZJMIRXIZOZRN
TYPYMIOUNVGHUHTOSEQRDMHGEAFPAUBIZKLECIF
UFLFMGUCDPCDPTFJLRUCDPDPTCAIWCMUCDFJLRA
RUVVRUVRUQTVQVSTWSRWRQVSRSVTVUWVWVSSTUT
QFQMFJFKPIOQRIQGOOQOKQNHGJNNNHLFJPKLRLG
TBAACNAAODAAERAASPAAQJAAKFAAGHAAILAAMAA
DNLMZNLGZNLTNNLWUNLJCNLTUNLPRNLKXNLFAAA
EPKTPKKOPKRKPKBWPKQAPKNTPKUCPKZIPKQBPKS
ZOSJRXENQEFAPILDQXYVVOQLTERSVAAWHTQBPDX
GPBPLUDDNNUNDHEULWNPEVNNGTGDRBEGKLDEXTG
TABAACFAAGJAAKPAAQLAAMHAAIRAASDAAENAAOA
KXPIXPDQXPVGXPTJXPGMXPBRXPEWXPQKXPIKXPO
EGRQRXYVVCRXWHWHLFCPNLLFFPVCEGOJYVFPCPA
QSTSQQPSPSRSPTQSTSQQPRRRRSPRRRQSPRPTAAA
NVKAQTAULHUMSRAULHUHPBSMPFMZUMBEXQYWILI
TBAACRAASJAAKDAAENAAOPAAQFAAGHAAILAAMAA
GONNPCNNDENNFUNNVWNNXQNNRYNNZANNBSNNTAA
QSROLSHLSHJSROLLSHJMJIMPMMUKNWPLIJUKJLI
GMNFQOFFGMSGBJQOMBOBACEKQCACFFQCSGMBEKA
BLEEBMOAABXAGHVQXARGVCPBXJJKNMPMGBHRGIC
RWCHKOCUKTNCKSTXTWFOPUEBUKTYGIMITBHZMGN
HYOLUMLSFCACIHAQLKZHYIMHCKNDCZVTDIVVAAA
QUTTQVSRSTUQUSUQQVQTSTURTTTQVQVUTVVUSQQ
LNTHITLPSGDMPLQHJTRDDRLLDDPENJHQHILRKEE
PMQQNMQQQQNQQNMMQQQQQQQQPMQMQQQNMQQMQPM
TIMJTQRQTTRRUGUNVSVUQRQKPLTIOSLLSSNVQKK
BAUUAUIVKAUDAULKAUSSAUDGAUOLAUYXAUOEAUI
LDVFRUKEPZGSASPRUKEWBOHYTPJESGRUXFALQVZ
AQLQOXVFVXHXKCLFXOOJCQPYEJUINXTKCLGZWAM
SQWYZNXDHGPAXOBUFPDZMARZDSLWTMBSZLAJEHJ
IZYMXEKMILSPMIMDCRFKREDSGJIWTCPYTSTTJHW
XZMPTTLMIKMWCFKTMYVJATNTTLRURYQESRFYBQV
TXXAOKRSBHXIQMDBXKQXAWGUSQJJWDUVUIXEOOS
ABAABAAHGGGQQRRLLLLJIIJMMMNOPPPFEEEDCCC
IIIKKKJJJJIIJKJKKIKKIKKKIKJIJIIIJIIJIIJ
ABKGCJDEGLDDEEAAJFJBINAFHCBDBLAHNJFJHJH
NQOONQMOQQOQQNOOOQOOQONOQNOMNQNNPPQOQNO
OOPQFFICMDCCFLNLFINQFFIFFIICMDCDNMCFLNL
KVHPBHBMQXYYMLZCIEOZRYBGNILGLLGENIFZFEI
XSPNXDGPDIJFGGKSZJBHGLXIQJPHWNXCAICHSNT
TTSABBBPPOOIIIINMNNKLLLGGHHFFFFCDCDRQQR
PNNONNPNOOPOOPPNPPNPPONOPPPPPPONNONONNN
LIVPJQOTXVJLIKKJJQOTSMIKJLRUIXVJVJLRAAA
RFOGWNDQAVLFVBKFVBKQNNABORHRDHLJGNECDCC
LKKMVKKWPKKQNKKORKKSBKKCZKKAXKKYTKKUAAA
JNJEPJJUNHLEXFPJJUMRIUXFWGIUKMKMJNWGMRA
JLRLCFGWBAGYXWHELXBZLONRACXVZNNYXWHNJZC
XYTKTVWWVKSMELIIHLHLGFVVIRLRHELLGWMSGIR
UVXXTPXMVMWSWUUXOUXMVRUXPTVXPRNSWWWXRXO
UFGLXPRDWLXRJXMPRRJGLMJULRWRWUFLUDWMJLU
TEUPYBTEUPYHADBTEZJDBHADRUPYHYHADJDBTAA
HTTKVKLNGYVLGUWLAVYBTVBJFNBJTQIIUCVGIGA
NONOONONNONOMONNOMOMMNOMOMOONNONOOMOMMA
GKGGNLJGKHPPRITJVLPPLQORNGGONORTNTKKQTL
JBGIFJKPXNOGVJPJONMMFGOVUOORBLEFLCYKHAA
DSQYFYXVWFDKMTPMGWEJPWYYRBVYUCTZKYMEJGJ
PYYSSZYTPOXSUQWXYPXWWSOSQUQXYRPQWXSYZST
VLUJJBKAVHRRDPEXFEDGIROFGQOEJUBIZUOMSLM
PLMNOQLKQPQLQMMKQONNPOLLPQPQPLKKQQPMONK
ISTGNSRDOTJOGOINNJUREEUUUKPRDUOJPJRUFQN
QQCCHGBCRGMQQCBGAOGONBQQCCBRSDHBCREHJNA
ITYKXFIUNQIMDVQCJFTFFAERJERUKJXFEGSVONJ
WDPKFCONFWGCVXEDJSNCFBXVBRVPKFDRBDRRJZF
MEPHLXPEPLEDTMKEMVSLXPBVOJNOVWSHRAPKHSL
FKLGOOJMRPNNKTMHLRMOMQTNNNHJLQOTPJKMGFF
VVXXWVVVVXVXUXVUVUWVUVWUUVUWUUXXVVVVVXX
HQXKRHZTICIJATOBLXYMKDNDFMUFYQEMLSSDSFT
VCRJCRDKCRLZCRPSCRCICRNOCRZOCRMAKCRQCRB
QBCBEYELMZZXUSGIONMXFBRBKPYOYSUZWBAJTFD
POJKINPMMPOMPOJNPIQKMMMINPIMMMPOJKIJKIN
XRBWWESRTWKBTCCGWEMITWWLBTXNBFUPJGJWGOA
MCCJRBDGGZDCJIJPKTUCGKIPPUUVYMIGJYRNHCF
ZBZYUVDYYOGRHHFAJQRPTYJNRNPYOEMGPMQCAAA
IFDXLVJMYDYVAHJGENXMAQTYWLBJHJOIPCLAZVK
PQQPOPPQQOPQPQQQPPOOOOQQQPPOQPPQPOPPOPP
HHMNQKSNHSLNMGEMLJFJJGERFQFMOLLMGEJRFLI
TAABAACHAAIRAASDAAEJAAKLAAMPAAQNAAOFAAG
SSAAAAAGGGGPOPPFEFFKKKKRRRQJJJINMMNCCDC
LIGFDRXJHLIBSOZYRSKAQRSYKATIGDOCNCDGLCZ
VVUUVVUUXVXVVUVXXWWUUVVUXXWUXWWUUVVXUXX
IHSGHFHHHSFQHSUQHSKYHSJWHSEEHSOFHSUDHST
FJHFHHHGFJHGIFJHIFGGGFIHGIHHGHGGIHIHIFG
LPQOPQGBPQECPQFAPQZLPQOHPQBUPQEAPQYMPQE
DMOUJTUKAGQJBAQTKRUQYLMMIQEHSBRXONMJMAA
KHOINMGNMGLHQPQOINMHOINPQKHQPQKQKHOMGLN
ANAPOWVAXCUEWAQPYUMWVQBIDNQDXMEEKDTHAAA
TRVOKQJJSMOVOOOQTRVQJSMOOKQOOOKRVOOKQJS
NNIPNIHNJPQMOLNHPPNJQHHMIQKQLJMOKMJHINM
XXMZYUGXGTVVRJWWTHXIZXTXWVITXIXOUVVGNJO
IRDAZFJRHYOHWRSULDTVARLGAZFBTWMOKNFOODT
ALPMXACTXPXEVEVESFACMFKTDASFSFAKFCOEMCU
VVPVQTSVHPVPVJQUTTVNIHRSVOGHQVLHIIUNIVU
NHJXTBKOCALYTFBLSQSRTWHKHHLNAZSOWSAZHDA
PUTOJLSQESNFGJRMRUGGUNEGKQGLPUEKQGEKGLE
VGHIKXMGRJVMGJULSHGUGJSSWSXLJGVXWKLVQIT
JRLRQWKFVGUCTKUSNCICIWUIUSUBVROCIHNYTJE
RLSSQKQPPNPRRLHLSSOIMRLUPPQHTTLTJTHPPNP
EGDEBGFGFEGCGFGDEGDGDCDFGFFCDFDFFGAGAEB
EWFCECQIXLATPZDIOHOIEACDNNOLLFUZTPZSEZV
RXLXLGRXLTUXLDPXLHGXLTAXLOJXLTTXLXAXLOA
MYTVWVHDSPUHQHSASDZOGTRUEVIRURRWVHFYBCS
EMWOZDJDEICTKLIYDEILEOZJZZXWOSDLEOZZXZK
IJGUJLGLGVJVJNHKOWOWOIJWIKONTPJPJUJNHWI
SAAAAAAOPOPQRQQLKLLMMNMIJIIHGHGDDCCEFEF
TAABBFFEELKLKJIIIGGGGDCDCNMMNQRRQPPPPAA
MQWCQWULQWBHQWTQQWQGQWPUQWORCQWMQWTHQWW
AYSXYSJBYSTEYSAYYDYRYSWDYSNUYSTDYSHKYSJ
SUYHXUHGJJKLTXGXWHYHGYXGPRZZZISKRNLIXGG
FKHWKHKOKHQJKHDOKHAFKHHFKHPHKHHJKHDAKHV
TABAACRAASPAAQHAAIDAAELAAMJAAKNAAOFAAGA
MYMNYMNZYMMUYMTZYMSJYMDZYMSHYMVGYMVMYMC
FLEFVNUFQURVRHTTJTOUSSKOHFFKSDOOKOFRGFD
GFIKKIKFKJJIGIJHIIFKHGFHHHHIKFJGJJJIHJJ
BBBCBACAABBCABCBACBCBBBACBACAABCBBCABAA
SGSJGALHQJHBTMBZFHGKFCJBTMBYKSKLHYHEICI
JWIHKXVXJCEKXVSOFMGQWXVPPQCWEYCWIMYXKSL
KMKOFMNZMTTPMOLQPMOJVUMBVRSWVOSEIKTKUTL
VUSQPSPPTVRPVRVRTPQPSTRURQVVPVRQPRPRPQP
WLCGLCTXLCAOLCWALCLZLCKPLCFRLCBDLCWYLRL
FOGLKOMWHGQZEUPPEAUREXDAWLFSULUREXAPDRA
SAABBNMMNJJIJEFFFHHGHPOOPDCDDKLLLRRRQAA
WEDDFKDDLUDDVQDDRIDDJSDDTMDDNODDPGDDHAA
VWWYVVWWYVWYVVXXYYYXWWVWVVWXWWYYYVYXVVA
SLVXHDKPFSSWWWRZDGIHHXGWGUOUGOODKBUDAAA
GNNONNPYNNZSNNTANNBCNNDUNNVQNNRWNNXENNF
TZJGUZCVTZUZVHEMCVVHSTSTYRKWEMTICMYRTIA
UTIRPOQUPTJKQUQVJKIRTOPOQVPTUTTOSJSJVMA
LNOOPKJNJPLJLKNLPOLJJNLJPPNPKJJLOKLLLNP
DUIFQQOLBESKKIPJIECXUBBPXUBIHNWMUJVGHLR
GFTGTMVKKKFBJVIJNDGQYYEVGPSOOJLJVLNTPYC
SJRDWFJKJJOZFYIAPRRVWTMPRRXDOPFLFTTUMZB
TSVVURGQKJPWVKTGLLKGDHWPMRRKDTQRNJPRMWG
JKLKLKKJJJKKJLJKKJJKLLKLJKLJKLJJKJLJJAA
YJQTTUUNVQRSRXMRTZSNTOLTKSNLPORMJOTUWZY
TBAACPAAQJAAKHAAINAAORAASDAAEFAAGLAAMAA
TBABBFEEFGHGHJIJJPOOPCDCDNNNNQQQQKKKLAA
LGFXOXRGVRWTBWAZCZXEJJUVZGUZBQCFTJSBJKR
RIZMKRLLPKSLUXWPPVVNPJJNZSPVURPKVSXKZVS
JVSUNRSUJSSRJVSSUNVSUJRJVSJSSUUJSSUNRKA
SABABLKLKIJIJOOPOQQRRHHHHFFEFDCDDMMMMAA
JMLLISPKHONNLMFPFFNPSJNSNEKSIRGMQHGMROA
BIWMHSWODSFJBIHSBPLKLPBPWOCBFJLPCBMELKA
BENWGFPGTOEHNKJOWLYUROFHJNGBGEWDIQEXAHU
CPYNPYVWPYKLPYLNPLPLPYUEPYHYPYBRPYKOPYV
JIIHIIHJHIJJHHIJJIHIIIIHJHJHIJHIJHIIHAA
BEECDBBBBBCBDEBDBEEBDCCCDBCEEDBCDBDCDBC
HKHGEKNGHODOEIHOFNDIOEIODLJOHILKOGMJCJL
JPEKSIHGMUNVUANJZFHREAGVYNJIPZEEKKNCDTX
ZJOGHRPIUOYIZEZQOEOHDQQJRDYOYGIYIKHYPRI
WXVWLXQOMZASWDKZAKXWWWNFLTUNMAXJTWUYJJU
RPOSPONTSRPSSQTROTSNTSPOSNRQTNTONRORTSS
SABABPPPPEFFEIIIIDCDCMMMMLKKLHGGGQQRRAA
LMNNNNLLNNLNNNLLNNNNLLLLLLMLLLNNLLNNLNM
YXWNMQUQUPYYXWNPQVRYXWNYXWNTXKLYXWNPRTX
VLWVKKPHGPESWVOVLWVTJHODVUQGLOFENRFLOXN
CKJJLSJJTUJJVWJJXYJJZOJJPMJJNQJJRAJJBAA
QFMHLEHHRHPDLGGPCGQQBEGHKFQQKHQGRQHGPJC
GHLUTWMSWQOWQOQMHJFQOQFGHLUIUTWCSWQFNFM
FHYXOQBOYIKTXBQOHJRCSYAGQVDCPTOOZNTWVCA
ITIYVWAROGBIAVNZDYXPGCRTBMGIKDDOGBDNFAM
IMNWINMUQQVJLMUQVINMUWINMYIMNNWINUQVJAA
APROPIROEEROUFROXLROBFROTMROKJROTJROUAA
MTHIJBMTHQPBMOQPBPBMTHIJRIOQPSIOQLSIOAA
TTBBBADCCCQQQRMNNMLKKLEEFFPPOOGHHHIJIJA
BQCSGFZGBRYYHUEUBQCOIXAUQTTPNMCVPZQLFSY
VPQWLOFUTLTNFUEXKQDFDENXORXEWPXDITVTBUX
TLVQIHPTLVIPTLHIPTLVQIHHIPVIJHIJHHJHHIA
CREKWSWSOQCFCROHDCOQOHFMNSDCFMNSRTRTDLA
BQPLQPLIQPBVQPYOQPRHQPBNQPVSQPLQQPJEQPH
XXPENOAHTLUPQTNUFFNDZINXKJCDHTLYAYNLTZV
NBSRSEFETQRFPKOJWOWMHGJWOWEKUSCCMWNOLUM
MJIKGHLNKKKLIHLNNLKJNGHNGHJJKLILGILLHIJ
KNBLAVIRXCGDTPMAXMZYGMROKOCMEBXJPIEJAAA
RTTSSQSSQTTTTQSRTQSQSSSQSSQQSTSSTSTTTAA
WEJODKVHZSDZOOSZNZWJGBKZPBPDRWENYNQTIJI
VSSRSYWUXXQSYRRSYRSSRURSYRSRSYSYXWYXWUA
HYORGRMPUPYFZYLTLMPMNOCUULUHXESITLNSGIZ
NCQKYDPLAZNAHAUHBHFYUUTRKFSSHUJSHUJUMNC
BYMAJSMACEMACRMAHAMAJTMAEGMAUZMALNMATAA
OVZEVZTIVZECVZLYVZJJVZHIVZFPVZKHVZTFHVZ
STTBBBAGHGHDCCCFFEEQQQRJIIIPPPOKLKKMNNM
TKURTNJRNTKPJSJNOJSTKLTVPRLVUTOUNVVVRVP
TRVVQROSUOTOUTRQQQVOUTRQQVQOQUSQQVQSOQU
HNGRHEMIOGEKRNOPQNIMOLLNMKKOIMHLIGFEJFN
GLPYLRJEKEKYYDEGOGOERUSBNJEKYQWYYDEGOAA
HGGINGGOPGGQXGGYRGGSTGGUJGGKLGGMVGGWAAA
XSMSNUNWLVTLNWLNVVLVMQMQVUSWXSNUTLVVSWA
SSBABAEFFFNMNNIJIIOOOOLKLKCDDCHHHHRRRRA
SUTTGMJJNZISEREPPQWHIRFSIDPCHFAHXEJSFLP
DNJZVZKXZXLLTPDDXXDEPGTXHYKQFEHMBBZLKBJ
RHLLIKJKJMMLLIKPRHLIKJMQPRHOQPRHLLIQOQP
PJRTTMRTENUSPGYKFWDSMFXKJKTOPFLVEUENAAA
NKARKAWRKAWVKAZVKANFKAAFKAECKAWKKAQYKAT
IUCIOQGFRPXPXRZWIHCPMGHGADXLDRABTDVRZST
INUFOBAZETFLISSPMYTMYTDAREQSDYZWDXQULGP
PVZQTVUPXXROSQOSRVZQUXVZUSNOTZQMORNVYUV
TNFEQWHXTBUSBPXAEYBDASTKVQPEQPQVPEFPIOP
WDDEDDFSDDTUDDVGDDHODDPQDDRIDDJKDDLMDDN
KZCLUMCKZCLIJSUTCSUSSMJUYKVCJYTJZJXGZCX
CBBDEBBFQBBRSBBTOBBPKBBLIBBJGBBHMBBNAAA
BBBBBBBCDDDOPOOGHHGEEFEIJIIRQRQMMNNLKKK
SSRRSMURURQRPPRTTMSSQPSQMURTNUTQUTQTMQT
TOOWOUNOTXVRPOQVQXXXTSXONNVXOMQTRQPQXXN
OOZSWXTESYUXVOTESYUWHGBKUKNIBHAXJZZPNFT
MXXNQTYYRTNYWPYQQXMWRXOOQXQNYURRRQYYXWY
WZPNZZHOOWPLVTBHBPSYJGGOOMRNPNYCSCFIAZA
CBDCDBCDBDDDCBBBBBCDBCBCCDDCBBCDDBCDCAA
KMWZFKQFTTPTPNWPAZWGYBAXUTBANPUXBZBVTLW
GJIHFNGILGFFKHKHMGHKGIKNHKMGGJFNKFKFKNA
ZBTYTJAGRRPVDVZILJJKNVJBGYBMGMEIFZFTMPH
JTYLQLRSPXHZFELJCOPKAZFUYTJKCSGYVZNURQH
ASWZJGPGFSOGFSOTSTWCCHELUJIDWCQGLWMSNRF
QNQSPONMIKFJDLEEGQGGEORRRHQFPDJJRSRRPMM
DSTUHBYQPUYSOWMDMNJDAFJRHWVVDNMCBNSZEAA
FLKELFEJGGJHILDHGLKELIFLKGGEEHIFLJCCCAA
ULOWXIZCJKYMFFBYHCPHJMCUDUNPGLPOXLOCJAH
SNFJDNFGKNFSDNFCXNFLUNFQINFGZNFYFNFFAAA
UAXEGTLFZMVOBPKQRLYRHOAXPZDYGJQRLASOLCA
PUGBLWHEBECCQEWEWPNAYVZESIKFVAWXYAIFAYR
SSSXSSQSWPOOXSSURXSPURTOPPPTUQSSWTSSROU
NMMOXMMYRMMSZMMAVMMWPMMQDMMEBMMCTMMUAAA
QSYJMXBVESFSYJXTPSPOXZNRTUHRGQJVTQMBDRY
PNAKRLAKSXAKDIAKSOAKQGAKIFAKJLAKDVAKWAA
QFJBJOIJFHQFJBJOIFEHQIJFJJOIJJBJOEHQFAA
KSANIWIBEWJNLJSOQLTOMZXAHHIOBEWEUXHYSMG
TRRTSRVTUVRSRUTSVSTUVRSRURTTRUTVRRUSTSS
IPQPPRCPPDAPPBUPPVWPPXSPPTEPPFYPPZGPPHA
GRSGKKINPJGRIGKKISLSGRIGMRGSLLSLSGMRGNP
BKYOMECNXNAJTPUSTQTIQLXCPVXLKVLDFUIASZJ
BCMEBGRHBBBAFYWXPLUNHBKNHBKASWXNVAMTPHY
ZKURLGAMYCEKEHFWOWEFHGQJQQBURFZOYWOUDPF
EBCQILNAMRNPNFZTKMPZVXAZXIXABSWALFFYFMA
SAABAMMNMKKLKRQRQCDCCIJIJPOPOHGGHFEFEAA
GFEAAFAAFAGKGEJEJKIAJBHFEAFKIAAFBKGAGFE
YUYYUTVVVZXXVVUTZZSZWVWVXXVZYUVZSZZZUSA
EBRCYFRIOZFDSLERBLCGWYVCGIKBIKPBNUDYIZY
QQSRTUQQSRTTUQSSRQTSRTURQTQUQSUTQQSQTQQ
EBDKBGBJBLADGEGJIBCJEFJFHBAIIEGAHGBGJCG
NPSTNQRNPSOTRTTRTPQOTRPSTNTNQONQOTRTPRA
LLTELTJALTCVLTMMLTLRLTMGLTKNLVLNLTIOLTU
MPQNYJOWKJTMFTSJGYZEJBCATITLLMFHCBYRUUC
OPPPOOQKMRNMPNRRKKMQQLRKQNOLNNKROQKNKNL
MSNMSNKDSNECSNOFSNXVSNJMSNIXSNLASNAZSNF
UIRLRWWPQWXWIKLHWMUVRPHXRWHHPSPLXOKTUOV
HSMNOFTDRERGRTZKYWZQKFDGRTZSRYHINFXOAFE
NMMODMMEBMMCTMMURMMSZMMAPMMQXMMYVMMWAAA
CEBICHFJEGCHEECCFFICJEDIJJCDGCJFHDHFJCF
LDJPTLFFRLGKFELEMBCGNISGGIJCRKGJTERSJDK
WDDEDDFSDDTGDDHQDDRKDDLIDDJMDDNUDDVODDP
LQCPQCBKQCNPQCAOQCHXQCMXQCMLQCTYQCMUQCK
IQQUROOOUFPRDHFUTKPQRGIFMQUPKTHMMRRHLGQ
WWYYWWWYYXWXWXWXWXYYWYXXWWYYXWYWXXWXWXX
NUQTNOYWVRNNRUNUPROOVRYTUUONTRTYWXUONXN
LBGGKMGSHOJMLBGKMGSGDRQTKRMGGLMKTSGMGSR
MOQJOKOFKFBIHNLLHLEJCGEGGKODDHMLBCOBAAA
ZVUWYZZTZZTWWVYTZUTUVVVVYXTZZTUTTYWVUUV
SQTMTMPQPKJQMJIRSQTMQLPIQLPIQLLKJIRLAAA
TSSAABBHHGGNMMNRQRQPOPODCDCJIIJKLLKEEFE
TEYKFEGBOJKSNERYVDSKKQTCIABBEOCARVMOUPA
XTWAOTTQYPSQLJNPEBSFMBEEJHXSTGQNMJPTGSQ
DEHCHHEGHGDDEHFHHGGDGHCEGFECGHDEDFFFCGH
CBBDIBBJOBBPGBBHQBBRMBBNEBBFSBBTKBBLAAA
ABBABBACDDDIJJIQRRQOPPOEEEEKKLKGGHHMNNN
PUSUTTUUSUNPUSUPTNRUNUOQTTUNRNMPTNRUSNU
KWYMNMYJVSPZXVPROHTYMRTPGXMTGMKTSNZPQOR
USJUEQAIBJGOBEBXSDUGQWVBSWKKKWXVUMOKYAI
PNFXPJDAMCNFXPAMCWXPJNCWPNMCWPWPNFDDAMA
MKQQVGSMNMJPQQVGVMNMMKQLJKJKSMVMPRPRJPA
TAABBEEFEDCCCKLKKGGGHOOOPJJIIMMNNQQRQAA
SBBAALLLKCDDDEFEFQRQRMNMMJIIJGHGGPOOOAA
TAABAACPAAQNAAOJAAKFAAGLAAMDAAEHAAIRAAS
TTAAAAARQQQHGGGDCCDOOPONNMMIIJILKLKFFFF
RQQSZQQAFQQGTQQUHQQIXQQYVQQWBQQCDQQEAAA
TTBBBBBPPOOKLLKGHHHMNNNEFEFJJIIRRRRCDDD
IHTSAHTCXHTAYHTWOHTNUHTHFHTLYHTNMHTZAAA
TBAAAOOOOEEEFMMMMCDDCLLKKIIJIGGGGQQQRAA
KTQSRUJNDMPKVONJDVGQPEJRDNSJSTRPVGQSRGK
FYKZYKQBYKRMYKIAYKJYYKARYKKZYKPVYKBSYKF
TPMRYFJSFNLJKRPUOSFRTMOFHNOAPHVOLBATOPV
DFLPFLVRFLZVPFLJFLERFLEPFLMVFLOTFLOZFLW
TOUEGOCFAFCISSUERJEAFCGEHLAORUXKBAATKMF
GMEGLPWRQNAIACYOKTOHTLILCONTPMJABFBQRRQ
MQLMJKKLPOMQKJPNNNNNKJRJRQLPLKNRKLLKRQQ
FRNWCLBMSGFMWBBZCEKUUPKQIPVNSJZXPJDPZCE
TSBAABNMMNIIJJKLLKQRRROOPPEFEFDDDDHGHHA
BJIIKNIIOLIIMXIIYTIIUPIIQZIIAVIIWRIISAA
ECDBJGGFIDGKJBGGHDJJFKJGHKEKDEKGFEFFCBK
AIDECBLGEDDLAJAAENMJEKEENMDJAIDGGANEDDL
SBBBBBAJJIIDDDDKLKLHHGGRRRQNNNMPOPPFEEE
MNLKLJMKMMNLMNLKLKMKKONLMKKKONLIPOKLAAA
SZBVZBLUZBZHZBCSZBVZZBNWZBGPZBOZZBGSZBY
TABBBJIIICCDDQQQRGHHGOPPPMNNMEFEEKKKLAA
CTOWADZSJWPJXKLSJWPHTHXSUQIDCUIJFJLXREK
HHFGLLADBBAKJICEHBLIDEGHFBFCGLLDEEECGDJ
USVVSURTRRRTVTTTVRRTVSUUUSVTVSUSVVSSVVS
WIMHFRHSVJUNNLVBKQAHHNEVWPDGJGTURKCABBL
SLMNTZJTPEZZJULGOVUARUMMGKBCJHDCQKHZZEZ
MJFWJFKZJFRTJFEMJFGJJFMZJFSNTJFAJFYJJFC
GBDHFCEHHFCBFGDBDHHHHHFCEBFDHHHEBFGFCEB
LUFTVJQPCKTQMFPOIPLMCJOJCNFFWXPFKVMPOEF
SPZMMKBMTLANEYRHNXUUWCEFTQEWCEZASIUVYOO
KQLPPPKMKWPKMPPNWKMKQMKQLTWPKLPPNSTWPAA
VDCCEPCCQLCCMNCCOFCCGTCCUHCCIJCCKRCCSAA
LVTKNVIXLMQTKNVMLVTVIPXNVIPVTKNPXLMIPXL
SSSAABAPOPODDCCQRQRHGGGJIIIMMMMLKLLEEEF
GFHKIGCNNCGMLCLCBEBOHILBFKMKHKOLGBKNHIN
TEDEEDPOEDMYEDWSEDLGETEAEDHCEDZUEDSYEDQ
TTBBBBIIIJMMMMHHGHPPOORRQQDDCCEFFFKKLKA
AEIIHTNFMEVIHTNOAFHXUMRYTTULZURPTZZXZZE
SYOUPDNNQUFFGUHTZQSXCSVRIYEHVHREBLXLTIT
MVHHHNKUUGIJMFHJMFHQVLHMHJLQFTKIQHQVFTU
TSSABBBCDDDHHHHRRRQKKLKIIIIFEEENNMMOOOO
PLLFJDFFAFDQABTHLBKTMNPDPRHFJSPPMJCKPKQ
DTNUUTUQMWJGMTKMPJTQBRWZXFVXURKKZAGIPAA
HGJGIKLIIIIGIJGJGHHLIGGGHHHHHKKMGIJGHHH
SOZXQOVPXQOPUUTPOPYUTYWTOTUNPOPWPUUUTWW
FMDRMDZPMDUCIMDIMDEJMDIQMDLMMDEXMDCUMDV
AABAABAJJIIEEEFRQQQHHHHNMMMCCDCLKKKPOPP
RQQMIRTJLJIRQLOSMITVOSLJHPQLTVMITJHPRSA
FUEVIRKDCTXAYETEDFEEKSZNRWDSKGSNCWGWGJA
BABABAFFFELKLKPOOOIIJJDCCDQQRQGGGHNNNMA
SBAAANNMNGHGHOPOPIIJICDDCEEEEKLLLQRQRAA
PMJFUTXJITMJFUFUTXTXJIHPMJUTXJJITRITRMA
AHIHHJMHHNQHHRYHHZUHHVKHHLSHHTOHHPWHHXA
KYUOGSNSCQVMTRMZUSTJULPPZLGONBDQVNPWJLS
ZGYEZLDAATZKCYLAFIHGIITEGDNLKCYMKBARCBX
TTAABALLLKOPPPQQRQNMNMCCDDJIIJEFFFGHHHA
KFJGOWSEIYNLDUOENLYOSEOWLGLGYOJDKFIYOEA
NTUTUNQJQUPJNTMMTUJUTMQQUNJQJTNPTTUJMTJ
CUXRNBMPXRBKEUJUFPNOKXPMLAIPNIKZEMFNZKI
JJGGJJKJKHIGJJKGGKHLJIJHLJGJIJJKJJGJKHI
AJCPPGHBHAKPKDACJOLKCHPIICBEGMCHLIELEII
ZWULWTEWBAOLTDILCBLIWXNNYOWJIOUOQMJURNL
XRJBZKSNFDPKQHUKHHGGQGGZNJHVWVCNJHJNIPK
KHHHHXZUHXXTHXWZHXTLHXBWHXWOHXXEHXKPHXM
DTAKMAMKFXGBPXWFVQERZFSVHOYAOUEAFFZSDMA
QXXNCSMDMKLFMRXUGEXVCLBSLSFKRQYYBVFYBAA
SWTTTWSUSSSVSVWVVTVVWSWWSWTTVUTSSVSUTUS
TRALZOFYNNCKTTJKEYRGZNALTBWNZQQWOZPLYGA
CKGCMFLDHLCFFIDGCCMLCEEEEJMJMHJHJCKIDDH
CRPPAVEPPJPGROCAUDOUQGWLWUVZPWBZOWXAOJY
VHMHLHLHMHDAQCPANJDKOIGUTKJGWDBNAMNQXUZ
JYCMQMTLVUQETKUCIYUDHBPEAMDEZVSPQCAQNAA
DKHDMHWDXUZHCGGIMRPGBGWJALNSVIWKMGMSSWV
SSSBBBAIJJIRQQRFFEFDCDCHHHGPPOOLLLKNMNN
RLMTNHVCEYGYEYBDLQGRBEICZFLSKYERHWBMXXV
GLMQURURGLGPXKQVDVLFKFKFUZXKURUZGPDVLFA
ILNNLJLNNNGLLINNNLLILNNLJILJIGJIGLIGLLA
IFIFIJHFJIIHFGFGFGIFIHGFGHJHHFFJGHFJHIJ
KXQUBADGAHIBADJMMMZSFBKXBLFIWFEWHLEYLVG
AHIHHJUHHVQHHRSHHTKHHLOHHPYHHZMHHNWHHXA
CBBDMBBNGBBHIBBJQBBRSBBTKBBLEBBFOBBPAAA
OAAOGVZSUZOUKHNGALLIDRBTOMPGNGVDANFTOMP
CPYLMFMFEQQTCPUPJFGHUPEQVVVVILJFQTPMGHA
ABAABAALKLKHHHHQRQQFFFFOOOOCDCCIJIJNNMM
DELFLFHHCKEEIJLECCIIKDEEHIIIEGDHKEELCJE
JCZHPXDCZHWOKPBBRCURXHCVEXTEEOOLXFGKTNU
ETPRIVDMJGVNQSNTPRWKZCMXYMWKHMVQCBSLPJS
MQYNKJYWODQQYCKUOCQELJXQHVYJLHRJNOKCNZU
AKJIEFKKLFAIHDAFAIHFAIHKCICIEFKIHDAKCIC
MVYDGNLGAQLDSEAYIQXOEYINRSDWCXAIRNNZMVQ
OHSJHFGITKIHOHSKERPOHOHPFJHOHOHFJJKFJJK
FJTOONEJZCIZYKFOKZGKRVYPPTXPPTXOESXTFJR
DOMOWPHSQWTHCFJHRXGWWNEQOXIGFIGIOPWCQJU
ABAABAAQRRRJIIINNNMLKLLPOPOFFFFCCCCGHHH
NYNHNSTKRNSRXCPHMNYZQBLDAYHQAHEUDJSDNTW
QGNWEIEIYPQUKRUTEFWHOKTUVJHVKNUEHYVHKFH
KZNBYMGFUJLIRAQRVCMOBURSKZNMMFIRACMAYSL
DDLBWVXESBFESYEUJXUXIXPBYHTRXQXBTRMCTFD
PPADXHBXBRELCYJEEYREQVTDIDOFWTPALHEUGPN
DEGFHGEDHFGDEDDEDHEGFHHGDEFHGDFDEGDHFDA
DCCETCCUHCCIPCCQNCCOFCCGRCCSLCCMJCCKAAA
EIFGIQGNWBRTNWHFGINQIQHMDZBTDFXUGJQFSDA
TRAUSXQCABLBZZYMWYGPXFPDCHENGPUOXHEABLX
HKEOQKDDGGNLPGHOPIBBOREHQOHEMEDNAJLNRFO
CINMMCDDGHIKDEMIHILDDDELJFLIILIMGNDEMIK
NNVHCXOCUXZMUVKMQUKZVYJKSXCBKYSUBAQLCIA
TBABBRRQRFFFFGHHHCCCCIIJILKLKOPOPNMNMAA
PBAWCDUFZONYWODXBAZGCZRYWVMHWCDNSOLJLBH
CKJBXJMWMUHTKWJQTHEYKMHDSIABKNIKJBSYBHY
QHXRXVVBFMDJRXQSPXWOPPVBFGWEXMTFIUJZAUA
HGGIJGGKVGGWNGGORGGSPGGQTGGULGGMXGGYAAA
UTOWQPTTSPUTPTSSWRSRPPTXWQORVPXXXUXSUPR
IJKIJLJKKLLKLJLILKIKILKIKILJJKKLIJJLIKA
LULZXUXUXQXQWNLKLUBFWFLDNOLUBFWFLKWNLDA
AAAAAAAMNMNCCCCKKKLHHGHEEEFQRRROPPOJJJI
STAABALLLLOOOPQQRQEFEENMMNHGGHIJJJDDDDA
TSSUBSSCFSSGHSSIVSSWJSSKDSSEXSSYZSSAAAA
KJKXRKTKFUQFVEEHCNPZKJKJCTZYFINFXJFJSYM
ROMNUTLTLHOJQRONFJQOMNUFJQRMNUTUTLHQROM
DDKJYVHXOLZZZHFQPQMREIBXWZVEFTWJHMBXLAA
UTNSQQVPGNRIULFFVPGNSTSTRIULUTSLHIQQSLA
HGHGIGIIHJIJHJIJIHIHGGJIHHHIJGJJIIJJHGJ
THDVMWLPFPQOUBLPFXOHDZOIJGIUZLAEBUNZQAG
BAACNAAOPAAQJAAKDAAERAASFAAGLAAMHAAIAAA
ZHGGIJGGKVGGWLGGMXGGYRGGSPGGQNGGOTGGUAA
ZTKPRJRTYRXUONNSWUNYTNZNVQUTKPITQMZNVPQ
VDCCELCCMRCCSPCCQJCCKNCCOTCCUFCCGHCCIAA
GRWJAJBXGVJNSUVZPBWUIDYHJJINAPPBTLHWAOY
OHMNHVPSIPOMSKQSMLQPQKJKKUSQOSGJRMMQPHK
YOVTVVXCMGYWHTILZQGSJDEFKSEUJUKRIUVZAAA
TQFOZWWVYMTSZFDXMQGPYRMGHLGPYEDFAFHEAAA
RCHHLWGKUSRHMEBGWUUEKKRUPBHRODMBJNKMDID
AWRWRWWQJKGZPMNQIZHDGRZZBGGPXJGPFOINLIB
JBUDFCBLVRURSKEZXEXRDOMFRGKKJWFATHXFRGK
KDZQKYPZPFHTHQZIXOQEBMFKAQWTSZKEBMFYHND
UZWOZCTCPYHSKDHRHQFZZYBIENLDVVOTHRHNFUF
QJSIBJLOXHYNUKDIFZHRNPAXDADTKMYPGYSMZIE
SBHDWSBKRBZVDWSKRBZQOIQDWSBJXQODWSBVRXG
ZPFOPFTKPFAOPFFXPFKWPFHXPFKPPFIKPFPKPFL
SKMTPKSMOTPKSMKSMOKMTPMOTUTPKSLSKMOTUQA
ZHGGIRGGSTGGUJGGKNGGOVGGWPGGQLGGMXGGYAA
CAEACBDAEDBCDDEEBBBDDEEBACEECDDADDCDCBD
KOORCATKKGZKAIBEYMOLNKWBQQMKENOFDZZULAA
GFKEJFGEKKFKJGJGHGHFGEGFIEJKJGJGIFJKGEE
SSTBBBAHGGGKLLLRRRQJJIIDDDCFFEFOOPPNNNN
TBBABIIIICCCCGHHGLKLKQRQRPPOOFFFFMNMMAA
RRQQPQQQRSSQRRPRSPRPPPPPQQSPSQPQPRRSSPA
GFFHMFFNKFFLQFFRUFFVSFFTIFFJOFFPWFFXAAA
ETPNTNTPNTAUJPNTNTKRETTNTARETPTAUJNTAUA
UQLCIVJZTOABYWIMUSNCGSTENZQDBKAWPXVDPXL
GFRYOVDQBIBUPUPSAOMXGSURSCAWOCGASDGFBEA
DMLOGKRLGOZGNKEWSPFVVSEUEKBQVAYELPLFSET
PIYDVFJLUCSQDRGJLUNGLEUCOLTQWSQDRLUCOLA
TLJAOWRSPOMWWPRZDNBPNBHZVMCPRHGRDHJLFRC
GLSPLBBLWFXVFMALHYNLWFXJQGQOZHZYZGDRGQF
ZVWQSPYWHZPYTWYYGRJXKOQFULWJSPWWTIXPZNZ
GUZHDWMXUEWHWFFLDKONVUKCCNRCYGXRDJKZRJE
FCCCBECBCEEECDDDECDFCCCCBBECBFCFBBFCCAA
MXTMZYTXMYRJSGGARAPIRHGBPIRJLYKAJXMJSKR
TBABAIIJJFEFFLLKLRRRRMNMMDCDCGHHHPPPOAA
HGHFKRNMGPKPEEQNPJKJORENLROFIMLPLEHIAAA
GKLCLXNFKHMVYQAHDBCINEBIQGIEGNOKKDRIJYB
ECDEFFEEDCFDEEEEFECCDEEDEEFEFECFCEFECFF
LKKMPKKQVKKWNKKORKKSTKKUBKKCXKKYZKKAAAA
UFWZFWVJFWKTFWWCFWURFWUDFWWMFWMSFWDYFWL
FGFFGHGHFFFHHFFGHHFFGFFFHFHGHGHHFFGFHHH
EOINNFLVOPULMQKKLFGJPGGSLKQPPHMMQKUTVPP
NADRWJLBASZKCUWAKCULIHUCEFWJNQLSYEHKQPX
QTNXYPYTNPYTNPNXYPSNVTVYWQPQRTVSPNUYXVA
WDDEDDFSDDTUDDVQDDRKDDLODDPIDDJMDDNGDDH
OFYXQGUGGFGDFAGCASWUBWUTDNRXINHWUQQTLHT
KBFHBGHQEGGMPDEIPMKCMJBQMHIFJDBJQGCCIHA
RYMRZSVSCGYEJNYRPCEVQFZEJNYOOIXCJNAQUOB
ZHGGIJGGKNGGOXGGYVGGWRGGSPGGQLGGMTGGUAA
HDSTSPOKUSWIDUMVVCSHLFFIXKEWVVCMNTUIWRK
IZLDZLRYZLUOZLCPZLCCZLWSZLNTZLFLZLRPYZL
LLPMONONOOOLNKKKKKNLLNKMPLLNKNMMOKOKLMP
FHGEGFEEEGFGFHGFGGHFEEGEHFGFEEHHFGHFGHF
KQMTIUQUFKUJJUFTIJJKUPUIJKQMTTIPUIJRTTI
SSTABAALLKLDDCCPOOPGGGGEFEEJJIIRQQQMMNM
KIOIEERRQKMISGKKVPEHEEVMTVKMOFHEPNMVLTG
SKQEMQKTLJMQNUTTRPLJSKRPKTNFTTKQNFNUOIA
NXTATDFSKZMVJTWNRJWCRHCSZKDTYXSZJLEDBRM
JJFVNNENEDKOUTRINPHXCAHUAEYLPQQZQKYGQUG
BEEUNDFKDMMEBDLULPIOVEQQFFUWNHRECFTUAAA
MWAWSIAOVVNRMRDTUORBHWTADJBAHVANCLMOQFO
KENGSHUAQFTFKAIHQDWCNVXTFXFWIVUWNVEMRMC
XWIXOVKBSXUQAXHBLCXJTWMDAFSSTGVRKLNDPCV
MLKMLLJLMJJLMMKJLKMLLKLMLMLLJKKJKJJKLJA
NCJJEKEKOHOHFPFLKNKNEIFKFLEHNCEIEHIMFKA
NLPSLPMBLPMOLPEXLPSILPCELPEQLPGNLPMKLPG
TTSBBBBRRRQKLKLJJJINNNMHHGGDCCCEEFFOPPP
IOQYOUOUOQYCOQTTOQGSOQOAOQOXOQUPOQZNOQZ
NNDXFPHJQNGRPHFKAQDVPWPCUIFFWCRXFCRTTQC
XOWOVWPSQOVQRSSQXXOWPXRSSSQXRQXPUTVTVQR
TAABAACPAAQHAAIDAAERAASLAAMNAAOFAAGJAAK
XEFEEGREESTEEUPEEQLEEMNEEOJEEKHEEIVEEWA
PNQCBNYQQEBRLSQGAODSUBHJAOZQONCGGEWSDAA
CNRYYCRPDFUHINYXBMRBFDAPFEDMTXGLPHIPDFU
VKJKLQIVWIMKHWLQMKUTLVWIVKYZUTLVXZHWYZA
GHIIJHHIIIHHGHHJHHGHJHIJHIJHHGIIIJHGHIA
PVKFNSIBSTKWSFNIMUVWWUWQASJFKLPNKLKTVAT
CBBDSBBTIBBJEBBFOBBPMBBNKBBLQBBRGBBHAAA
TRPQTRRSPSPRRRRTRUSTTTPQUTTRRRTRPRRSPAA
BADJCAJJKCFBDBDGAGKFJEDBBAAIEFJGHADGKAA
LNMORMKHMJRKRLPLMJJNMRHPKIKNGOHQHRKGJPR
LLKHHHGJHGKJLKHLHHHLKIHJGHLKLHHILGKLGAA
RJZJONSJZJOSWXPPNTRTRJZXPNTZJONNTRJWXPN
PMTJARARVHJHIGXGYNEVJHWEAJYNWEIGPMAJEVA
IUORUOTBUOORUOMHUODEUOODUOWBUOYIUOCOUOX
RRLKRJQJQTRVHRRTRNIWPKRLKKRTSWPNIWQWQTS
NFIRYJWLPZXETRZXCXSIWRZZHXJIKIWJERJIAAA
IEGEIHGIEKJMCIHEJFCJGNEMOMILCOIGCJMHOEL
IHUJWYMYYMXJWIVXOUPXZINNKZJMIPXVOHYYNKY
CKUETSGSXDGSXECWVLHKQLBFNKZNSXDIMIHCYTC
UYSDUYSDUYSDUYSDUYSDUYSDUYSDUYSDUYSDAAA
MNSNTQSNQMQORRQPSNTPTQQMPSTQMNTQQPRRTPA
BABABALLKLNMMNJIIJQRQQHGHGPOOODDDCEFFFA
QTTOCAQTTODPMVCNKGKGDPTOCAXUHJCMOXDPMVA
VDEGVMLKEXMKZWRDAISOQISSRGCBHCXNYTIMTOA
RBEFCFRKEFANDCFRNAAENMRBIFENAELDQIFEAAA
OLIKKIKSSLUKMROULSKUUMKJLRUSLLOKUOJKPKS
KAPEDOINSDJNFNHDJKAPENFHOSSSSNSOIMOMOHO
MJNTHFRNIQCNOKGEJTWONRLHYINHEXXUDJVRZSF
NWPDODKDODKJPQACSKQALPKVSYIYHBXOMRJOHBK
LONLTQPKJKNROMUSTPKTQPOUJQSJPLURPMKQLTM
RMPRNQQRTHFPRRNMLJGGRRTHFRMJVMLQQJVJGOI
UNJBKISGYCWZKITSUAJLBHJCIBRDBDBFSMHITXI
TBAACLAAMNAAORAASFAAGDAAEJAAKHAAIPAAQAA
WNACWFLAYZGMXEUQXXPQLWTCWFLOSZZEKAIUBJB
ILIJKHLIJLGGMJJGIGGKHLJHHKIKHLJGGGIKJKL
ZZRTTDLRKIBSBNFULXDPUUEVIFGMESIZZLBRUEJ
XLQXWMOPPRKQWTMTOPXPMTPRLPLPWTWTXLWTXPA
WFCPCWOKTMUUVWOAFJHMUNRIIRFUGSNVQIMEXOF
RYNTUUVONTRYYQRVSWQNMOYTYNORWWNSZPTQPVS
UQWTURXXVWUQVUWVTWRWQUNQOYVRZVXNPZQNWQQ
KQXUXMVHUYKXKSJIWPTVJJOOOJXTEWEERYHLPII
OSCLRQUASKLVVAHPMENGEBMGHNWOSCLACMWOOVH
EEEBEFBFFCDBEEFDDFEFBDDBFCCFFCBDCEBCCBF
WXTYVMRXWVXWVWWVWXVWXTVRXWYVMOXTYVNVRXA
VMBUMBOFMBZGMBAGMBCCMBZEMBERMBVCMBMLMBA
AABBPPOOJIIJLKKLGGHHFEFFNMNMRRRRDCDDAAA
ULDSILNZBYQOWLWUUEAEBDKOTNWUSFSVOBPZLAH
AJFWSSWOMHCOBRWEKMAVYBEELMMBHJDEOQFFRHV
EBDAPAVBDWKOQDBMVKHRAPAMVWLFHILLJRMZIJT
BKMSBXLTEPBMWCOOUATJSXSLTQOSPNPPADHOFMM
QZCHWHYTKVEWHYJCLBMCQFEVCGICTJSLMPDQAER
PAJYHBTBOWYUNSMUMYKRWYHXYQUFJFCJXTIBEBA
JPLONPINMNPIINPLMJPLLKMNJNLIJNLILIMJAAA
BCGWSLCBOMGSGBZEFMZLJQXBGYPBOMGZZNLSLXL
MDEGKKCLGJGMDEGLGKKNLGKGMNLDEGKMKCMKHLG
QSSSQSSRSQQQSSSQSSSRSQSSSRQRQSSSRQQRRQS
HMCIKDQPHMCESSGKRPHESSGIHHMHHMLMCIHBGLL
XVSUXXTWVUVWSSSUVTXXTSVSTWXVTTWUWSUVUUU
OXRXCPRKZACEQIUBSMROWBDYLNZGTQTRTEJFRQW
PYSTCKEYBKDAVFOWDLMIRXPEWQWDKLBOFJIMJQY
PONNNMHOHMJLPPQMHLQPQPOMJLKLQGJMILPGJOH
SPPVKMRNUNNUVSNQNNUTTVONPTTNNUVMRTKKSAA
ICIDIDJHJBIIJEIJBKEJGEDJHIBDBDJEGAJFAEH
QOBLTPBLJJLBRRCRQDHGCIDPBDJPMHCODKKPAAA
WUYPUZGDBMFRAQUIKGZBLLVHWIVQUHVHRDVKGXV
SUTOSOQRTTUUQTOQRUQRQSPUORTUPOOTPTRPTQQ
WZHMLEIZIVYQFFMJABUEIZYPESAEXWALLURWHNS
CCCIEPHCSKPMSDCHGIGPGKMKCICRJCDCDSCDCSK
IGMIFNNKIRSPSTKIFNNKKIRSTKHNNRJNNRJEENO
LIANJSAANJSJSAUSAUSIANJAUSJMLIAUSJCEMLI
TJATGOECRFZKQINKJBTPZLHFTJADFWZSPBYNBTM
QOIMJNMLOOJJQJLLQQMPIMIMLPQJKQPINQJJNKL
KIGIGJIHGHKJIJJKIIJJHJGGHKJFJKGHGHJGAAA
HPLYUKWGSIMCFQYWALZYUQSQGHGBQLRGPEIHGFQ
ZUWPKKHSXDYWKHNKHNINDGEHYAQWFKMTLMECEUO
TDYMJTGTTJSPLEXDFWTFBEEMJTGIFZROQJBNYTJ
SUBECBQMFVPXLPZWNFASAXWJTYRNFAMXPXQJDSD
GXXFIGELFAHJXCOQFNDQSGIJBJXLIUHMEZYUVJA
HOHNLJLILJKMJNMKKKNLKKMNOJLLNLHMJKLJNNN
NFCKPUKRBIZSNCXHBOWOSAKDSAGOSAKWGZORLNZ
ZBWGFKANYWGFUHREOBWGFBWGFHPNWJYHRPHPNAA
IIIFIEGGHHHEGIIGHHHIFIEHHEFIFGFHEFIEGII
EKKJHGGGGGEHFHIKFFHJJJIKKFJIIHKIJHKFHGK
FQIGGMGMHLZLNYUXTRTRZLKOFQOZIWHLOZNYKOA
FRBOXIHATOGTJBRTJBRLRWTZOFQBOLUIEUEKMPX
FNJRNOSCLRMDQGCSODDMQEFLLDJFNPOGMHFJRQG
NQUXJTEMELHPUYMIJONEVEFUUUIEMTPFTTXXLXE
LYRLEILFHJBHTDBGLGOZBOSIDDVNAYMFHETBIJA
LZCLEYJEIDTHHFSSKDVAINTVVEMCVVELUOOGTTK
FXQTJCHUMOUEWQGJQQQPTCLFUKKVFFEOHULFUKA
DFJDCCFIGJDCFDCFIIGNJFIGNMDFJMMDFIMMDAA
JTDBETHAMAQHNNDEEUJGDKNTOQEJJPAQEGGDGRT
OPKLKPOIMOPKSMROUIQLKMOMOPRIQITSSRSRMKR
TYGFHSDUKMIMWUVERASDZCNZHMWCPSEIMSVLAAA
HLJOVMJVZRZQSWFHWHPMRGPHDGXUAVIVMKYHGGA
KLMPMNOHKPNLLKLKIONKHLMNKIHLOPJLLHHKPAA
XEFEEGPEEQVEEWLEEMHEEIREESNEEOTEEUJEEKA
KEHKESESEHDLEHXNEHNTEHXLEHSWEHKJEHZMEHN
PQUTQWTQWWROPQTOWXOWXRQUTQXROPOPQUWXROA
QQIIYTUOKPLTLIIZQNWMLPQNMLPJPZXLQPXTVUK
OLRRRGQRGTMSHRGTMHMGQHGHGPOKSOLHLKSHMHL
ZZXXWXYZXZXWWWZXXYZZXWXZXWXYZZXXWYXWAAA
QWVLERXWOGMBZFKTONNPAULCTBZOOQDLTAEOCCF
UHHLJXLJXLXHHLFHLFLLFLJXUHHXLXFFLJXLXFM
IDXSQLQMEHHXXYZLABBVKNVUCINGHWBVEZVILAA
TBAACDAAEPAAQLAAMRAASFAAGNAAOHAAIJAAKAA
JMJIIIGHJGHJHJHJHJHLMIIMIGMGGJHGILLGILA
HYUCATUDGTIOUCQRWPIGFVWWQFOSXLILGVHKPBA
BFFGFIJFCJGJHDHEHHIIJBJHFJEGGFEJBFFEBBH
DCCEPCCQNCCOFCCGTCCULCCMJCCKHCCIRCCSAAA
AABBFEEECCCDLLLLHGHGQRRRJIJJMNMMOOPOAAA
XGOAUXOAPKOACSOACLOANTOAOBOAHKOAEIOAQAA
SRFFPKONXTVFEHTVFISTNWNHHGFNLOXXOIHJGFN
KUGLLLSPSSODMEUNPSEUNLSPSDCSOUFKVPLGEAA
KFHOIGMDSRLJEGEGMDIGNRDNLJGTKFSRGTNREKA
XECKTRYNMQUAWIZBORWAWIZIYBQWOLEOJKBDQRE
ITTGBSMGMSIVWZGANHZTIVSZAOGRVWZZOKEWLLN
GFFHQFFRSFFTIFFJKFFLWFFXMFFNUFFVOFFPAAA
CJKJJLYJJZMJJNOJJPSJJTUJJVAJJBWJJXQJJRA
ZXZVGLXZVGJQIKNMJQQIKZMJQIIKZXXNMJKZXZA
EHEEFDCEIHHHDGGCDIGIFGEFFIHIIIHICIGFIFG
STBAAALKLKQRRRPPOOCDDDGHHGEFEENNNMJJIIA
ULVKKSDGQHTLDGRGTLFGRGJSFGSDJSKSSDQHOGA
QZXQRVUXZWWOWSSTYQQZQQZZOXUXQUVSTYQXOUZ
RGNNVQYUWYUWOLQYUNVILVILLNNVIILLQLLQYAA
HFZOYYTRAFMUOVQZOUPFNZASGUNLFZAMHXAMAHE
DDLMDEDSYTHIRUSIWXYYFZDSHPIDIWKHJYSELMI
ORWTXVWTOPVORSPVPOORTVQWPVRWSQWQRROPRVQ
AIHACBKFMJKAKJFKLFBGKIAFMHHHEGAKMKGBACK
TTSABAAIJIIOOPPNNMNLLLLGHHHCCDDEFEERQRR
JQULSLOULWMLOUWRRNSLMLJSWRLWJSLWLWTQJQA
TFNHPMQFCQILEBNQWWBKKIETMZJHUQIHPMQOECI
TAIFAIBKPAIUAIAPAIQDAILAAINPAIDUAIMWAIG
VDCCETCCUHCCIJCCKLCCMNCCOPCCQRCCSFCCGAA
MNIMHJWIMHJOHGLHJWWKJRUIOSMNOHGIOSMHGLN
TSTABAANMNNLKLLIIJJOOOORQQREEEFCCCDHGHH
WTPNSUPFTFSUPOVFSNSMLXWXWWTVMFTPNVMOVYH
TRFUGNGQEVPNNFRQKNDOQLKSIOUXQTTFIEHGXEM
CKTRHKTOKKTEGKTZYKTFXKTVKKTNCKTTPKTPAAA
BWVQUEFSGYENIJGJEYYTGJAIZWDMZEAGWPZUONA
AQRBRVOEITUNJZUOGWJGCCFNSPIUENSBBRPZUPL
TSBABAJIIJHGHHDCDDPOOONMNMQQRRKLKKEEEFA
IGKHIIJGIIGJGIIHFKHKHIIIIGKKHFKGKHFFKHI
EEEEEEEEEEEEEEEEEEEEEEEEEEEEEEEEEEEEEEE
JJFLGHKPMDENPCHNKIGHKPSIJJMDROPCHNROENA
KXSUNWSTFWORIDDTHUNWSNOYHPIGVNKRRJSWHYP
EYTXBVWHOPBBVWHMZZNFAIIHFGRKVXNITMXBSQA
QOKMPSNSJPNPPMPNPPSNSKMPNPPSNKQOKNPPSAA
OMEMOIEIOMDLJLHGEFKIHOEJOOHIINLDMMDLKLA
MGMINGWJXHTTPMGPMGMGMINNGWVXHTPMINGHTPM
SSSABABJJJIDCCCHGHHRRQRNMMMOPOOFFEFKLKK
QNNKQSPZYYTHBDAOKMRQNNKKPRIJNMZXDPNTZIM
KIKNTJIKNTHSLUJPFHPFHSTJPFNTJPGKIKFHSLA
KUNFMNJXOZOLPRLRHGHFBFVHPAEMHPECGPJDAAA
DLVWGEIEIMDIMDLVWGEIDZRMDLVEIDZLVWGGEID
OMSOEIPJCHMXEBJYJDNEWKGZNLDNJIBNQTJWDAA
SSSAABBNNNMIJJJEFEEGGHHKKKLCDDDQQRQPOOP
YFCCPOMBUCUKBLSOYPSNWVERINJULGDOJTDSAAA
LLIKIIKLLNLJPKIIKLLNLLIILJPKOKOKNPNPKNA
ABBBKKLLGHHGRRRQEEFEJIJINNMMCCCCOPPPAAA
RSUDERVNUSTRVQWDHCIECINUADATBRDUZYJMLZH
WRCXVRQQXCQDJLKYJXKWUKITVXVEVTNCEUZSSIM
HAKBOAMGAKGAKNKNHANHAKBBMGAKBOAKNHBMGAA
QBGQQLNNBKQCSOBOIHHFERQQENBFHFOBLGFBSDF
CJREIEEQJNIEQJJNMQMQISJREIQJNMEIEQNMQIA
XOBTPNWBAVNTNXURZACZGTJHYJZMUBNYJZPJNCO
LIPLIKKOMFOEKKPFHEJLMFOIOKMHHHHPHEMIIKE
UCXCEIEHIHGEPLSBIWEADNGFBOMUEFBLJQYSAHJ
AHHIHHJOHHPWHHXUHHVSHHTMHHNYHHZKHHLQHHR
RTQMQMQOUETULLETQMJJRMJJRRTQMTPUFETQFAA
FUFBQJUNQXCPSFJKEMTHEZIWNDZOXOWNLMQDNAA
PSYNAWXRAGFQZPNCITKXXVPNVZATRSHNBJLNCAA
GIEGBHNHBCBBMHHLEJBFBFCBBEFMJGGNGHHCFHM
DEAAABCBFEFDDBFBAEAEECEEFFEEEEAADFDAAAA
WNOZCTZHLIBIHAZQQVOHAZAMUGUHKLGTKGHELZN
BFPXPCWJUWSWAPUQDWWAJHJVAQMUKDTYCUKPDGV
SSAAABAEEFFHHGGNMMNPPPPQRRRKLKLJIIICCCD
UNBUDJYNHHQGMQDWRSEYPRJRMRKHZIJHQPKEHTJ
IRBNCBMPUFJFCUEXGBYANYLJEWNZVBTXGBYKIQJ
OWCQGOWTNFNRQHGPTVKNJCWFSHPWKWNFLRGEPEA
OQQOOPQQOQPQPQPOOPOPPOOQPPQQPPOQQOQOOPQ
OGPMGPOAGPOAGPOQGPGZGPAXGPMGGPGQGPSTGPH
ABAABAADCCDLKKLJIJIGHHHNNNMRRQRFEFEPPOP
DAIBHDGELJMIMDBGHLICFJDBJFCICHEBKDIMFJF
URTSINOHJUSCIUTGDSULIHCSIRJJTBHNNJLTJOG
IOAMDVGOATCLBCBDKUDNCLMYHUTMJBFBCRZCLMR
JMUODWNRTKRDKWUQNTGESWJDXJVCUYZPKBUFAAA
EOVYXSQPBHVKRYDSPRICHQGKUCHIPUBQTKKJPAB
GOEUIUERYTZXPRYDVICCBASFLSFMEMDVQTLCYLA
RRZUQUKHLKZOWUUBWDJHFIZHRFRQGSVRAFRNBNA
ABBABBADCDDHHGGOPPOIJJJQQRQMNMMEFEELLKL
ROPUTOTOUUPMMMMMTMMPSTNQMPUUPMTMUVSTROA
YCSIJEPQCIHRAAMWFPXWXSVEZBNIETEEDMGYCKW
JMIMBXTXGHJQVAYKHVQFNXIWDRDFYOJHQKHOKJX
HLLBHCCLDLIIGELHBCFDDHBGLJJJJIEHBLCIIKA
GGFCBGEBHCCEGHGCFGBBGHGGEGHHCDBBBHHHGFE
SSSABAAKKKLRRRQEEFEMNMNOOOOCDDCIJIIHGGG
ABAABAALKKLEEEFHHHGCCCCOPPOIIIINMNNRQQR
ORUMTKUNNMTSOTUOOKMUOLSMKTOTNNOUKPRVOTN
HSIHJRNJOMLIKGGNQONNJOJOMMIGNNMMJKNPHKA
CFHGDGBBHEEGGAFBDHFAEFGGDACFFGHFDGBEHEA
TTABABPPOOHHGHQRQQJJJJNNMMCCDCEFEELLLKA
LOORPSQRQTRLLUNNLTTTRPORSRUSRURLUNLLTTR
BBAARRQQCCCDJIJIHHGGNNNMPOPOKKKKEEFFAAA
DPVDNEHTTHZIDLIAOKNZGNFKGASTXYLZGNFNGEU
DCCEHCCINCCOFCCGTCCURCCSJCCKPCCQLCCMAAA
QNYTRGQNYHYULIGQNRGJHTRGJYTRGGJHYJHYUAA
IGMKGKGNNGIHIHJMJNMJJMKKNNGIGNMMHJMKAAA
FCGAJFBBEAHEMHHFIEBJLDFFEAEDAKAFCGALJDF
KBFEEBJDIFDHCFEAEHHBHJLCFDFKAEGGMLEKCGA
LSTSSUVSSWHSSIBSSCXSSYZSSADSSEJSSKFSSGA
IJKDEFNNDBDINZCMOMHLJHPWBPFSWINVIPESFRT
PTJKUVPBFCTNMQIAXDEQXNCKEQXFZSQMBNQRQYW
JTTILYBRZEARNGWSLIBBIWWMMZSLIBMCMPEFSJF
KJJLUJJVSJJTQJJRMJJNOJJPAJJBYJJZWJJXAAA
HIIIJHJJIIIIHIIHJHJHIHIIHIIIIHIIHHJIJHH
OIUVSXDHPNVJZSEYNWXOWOUQYHWIIWSRZHJIWJZ
IAVBAVWNAVSRAVZTAVGWAVTAAVUDAVOIRAVDAVT
PJTROUMEVOWQHLQWIDXFVXRFQNBTIHEOUMTZHQB
GHTWVIVLMPDJNINOIUJQUPUJNWWKANSHLPNTAAA
QNGPOXSRPPQNGPYGJYGJPGJPQJPQNSRPYRPYGAA
TTSSQQTQQUOUQNUNTSQNUQQUOTTSSVTVTNTRNUQ
UQEYDOZOFHAVQIXPFUBWRPFVEKNIKETUBTVLQRB
XVVPVVMPXVVVVVATVVUZVVOHVVLGVVGPVVYVVVK
JPROTVWBLPBTYOTROBLBGDKKBYXYXBGDKTYVWJP
VCDCCEFCCGTCCUHCCIRCCSJCCKPCCQLCCMNCCOA
STBAAAGHHGCCDDLKLLFEFFPOOPIJIJMMNMQRQQA
FTGQTQUVLFQUFYTQUFUFYVVLFTTGQTQTQULFTGA
BBAARQRRDDCDHHHGEEFFJJIJPPOPKLLKMMNNAAA
SXXUVHRTTWPJQQRTTWUVHSSHRSHSHRWRTTHFPTA
OCAGUWTXRMMGMSBMDURKKIXQYAHONAQUUMVMKZC
EVXHONUHCQVJPNSONUXUAVTBCFJENJJXINVFNGA
WIALVCLCFSMIFJGBUQTFXFYWKYMKONEQOERUHWS
YAFLKAFLLAFRKAFRZAFYEAFPTAFOOAFGQAFRAAA
OTSURTOQTOTTOKQTOTSRTOKSURTTSURKQTOOKQT
IPLYMOPXSNFVNDFOBORESYYBNUVSYYJBYDAXFKG
SEHICNCJPJFMORCLKTOTOXNMMFFECMXZFKTWRSW
NNMVOPNTWNRNMVWUUQWTWNRRUUQNMSUWSWWRUUQ
NUXQTOFGQSRDEJZFZMFYLERCJRJYHAMLFNSEJZU
RYTXMNKSLLKKONSTKMKKKPRXKKMKQOQMYWXQTPM
HYKAOGLBKNYEXKCROIESLJKJDVUQDEOGHYKMBVB
FZOXIVLPYJJLGYFOJHGYAMVFVLGIEUOMFEEJXES
FGDIEJDFHEDIEJEDEIGFGDJEGDEEEJGEGFFHGEA
YEVJIQIQUWXFHLWXFHEVJIUWXFFHLZJIQUQUWXA
YFGFFHUFFVQFFRIFFJWFFXKFFLSFFTOFFPMFFNA
DFCCAFDEFCAABACCEAECDCFFABDDFDAAEACABFA
FFQSBHZXAOBXADNOAWFHJQFYGSGXADNPIDYAVCO
UQNJKRWXPHNJXSGMLVQGIQSXSGTUGRIHSTMWPNT
WXCPMEXYPOHGOXPOWXUEDZMRHGMEMRSXXYOXUEA
QHNKGNHKQKVPLPRKJWINKKKUHHVKQKVKMFOWSFG
QLTOHZUOPTGTQZXYYFJFNVWTGZEXMMVPWWFDJVR
WHXUEKLXUMSKLMJMGQDUKPCMJWHPCUEQDUKFDMG
VCCDCCEFCCGTCCUJCCKHCCIPCCQLCCMRCCSNCCO
UVSVXXRSQVQRSQVVSVXQUVSXRSQSVXXXXRSXQUV
HAFUPJOFCYTYTWLHXLQMXVWGMWDWMNWHIYWRPIB
CCCDDCFCEEFDDFCDDDDDCEFDEFFFFEDFEDDFEDD
AAAAAAARQRRIJIIGHGGLLKKPOPPNNMNEFFFCCDD
SZEQJWWEMWCAXNBOIXSKBOPTGXILYOBNYWIAXNB
GLNWVSTLNWWNWKTUGLNTHRTTSTFUGLNRGNURTST
ABABABIIJJNMNMRRQRGGGHPOOPFEEECCDDKLLLA
ZVXUYVYZVUZSSSVYZWZUZYZVXZSSVZUZSSSVYAA
OBISVEQCXSVOOBBUVOFEMOVEOGMOQCOGFEXSNSA
LMPLNPPPLJPPOKPPPLMMKLNKPMMMMMKJNOMJPJN
IFALKITTQIPLAJWUGEBZIOXPOQKKPXBUUUQPWBH
ENHYRLPZQRIMHLOGCDAOOMBHCQOGVLNUOMBOOMB
KJXLLSVQLQNVNWWSRSJLJPUSSTQSUQULTXVKPSR
LLLKKKLKKLLKKLKLLKKKLKLKKKKKKKKKKLKLKLL
TSTBBABRQRQOPOOMMNMDCCCHHHGLKKKFEEEIJII
NMMOBMMCPMMQDMMEVMMWZMMAXMMYTMMURMMSAAA
QPSLPKTTPTRRMTNSQKTTQPNLNKSTRTLNTKTNMRT
RQQSRQQRUTRQWRRQRQRRRQSRVTVTQRUTRRUUSRA
RYPXFQDFIATTKAAOVZMRWYTGZSYSDSPLAWZHXEM
ICPGCPSMCPVGCPMECPKICPVDCPGXCPQBCPLICPV
TTTBAABCDDDJIJJNNNMLKKKOOPPRRQQGHHHEEEF
FMMNMMORMMSDMMEVMMWPMMQTMMUZMMABMMCXMMY
YINIIYPQIYZQIYNSIYUHIYOJIYLNIYFZIYBNIYY
TQTUTAMAMOUHTZNQICJMDOYWYKQWLJCDJTEVKHS
PZNMTISTMVUJKBTIWIECJKWDTBHXUMPHOBKIRXI
MZWROLPYYQSOLPWIYNNHXSCUQQOZIXDUTHSQWHV
SABABAACCDCRRQQNMNNIJJJGGHGFEFFOPOOKLKL
GFFHGEEFGGHFEHGEHGGFGIHGIHGHHGEFGGFIHGH
FKNQKNUFKNLSKNDPKNFDKNRXKNBLKNLHKNJXKNP
TTBBBAACCCDOPOOFEEFGGHGJJJJMNMMLKKKRQRQ
ZHGCXTXJEVQCAIUKRGIPTHSRGFXJFAEIBSINHDR
QNAPEKCZBVNAPQFFXCMDOMCZFEAGWHNXKPANDMA
NZWQYVZTWRTSZTWRSRPZPRVVZPOXRWYOWUPTQVW
TTTAAAAHHHHQRQRDCDCLKKKIIIINMMMOOOPFEFE
FLFCJEXIIFMSXYMHYEYDVTGYYXQGDFYJJYRMJXO
UCBBDQBBRIBBJEBBFGBBHSBBTMBBNOBBPKBBLAA
OUARUAOXUAALUAZXUAGZUAUTUADKUAGCUAUFUAU
LLJAKPGOGLMNEKPBEPMDFLOPIEMPHGFCEIMLAKI
WQUNQPMHBUIXSFDFQTKRYAQOSPBKEIFZVCAABAA
MNPMLNPNLMLPMNLQPMNMNLMNPMNLMLNOQPMPMNP
TABABABCCCCLLKLOPOPNNMNEEEEIJIIHGHHQQQR
CAUBLETUPKBTWQVRMFEHJXQHYHFPTWQWUFUBIDD
IFDEGGGHLKLGPGIIIFMGPDMGPDNLHIDIDNDEOFA
EFDPLAIAFOPBYMATXFWASBIQTKCMKPAMVMOIISA
OFGGJGNBGTKRJNKGRPOFOBJNQSOBCLLQLSBJAAA
SSSABAALLKLPPOOQQRRHHGGIIJIMMMMFEEECCDC
JCORTSKXJCOMTMBRYQZPSJNDDQOMMWXUZIAVRBL
TUTVSUVUVSVRTRSWSVSTVTURSRRVRTVRRWSSVVR
JCWBOSPCSNMJLOERBPLFICVEXPTIBRCNEXPKPDF
TAABAACRAASHAAILAAMNAAOFAAGJAAKPAAQDAAE
QSEIQOVUTEBSUNEPSAWPXBKPSAWCSDWRCMXNAKY
LNATQHSVIHXJKIEGZJLZNDCOBVLNWMAGGDBMDVG
HYOJYODSYOVHYHYWYOEHYOERYOIYYOWUYOVUYOF
HIOXEJEVVGELXDLECPFGECGCGLXOXECJEHIDLXE
HHIFFJFFKGKHJJGGGHHIGGHGIHGHIKGKHJHGJII
CBBDOBBPEBBFKBBLIBBJMBBNSBBTQBBRGBBHAAA
SBBAAEFFFDDDDMNNMKLLKRRQQPPPPHHGHJIJIAA
PNVQOWNRPLUQTWQMXQTLWUNLTMSPNVQWQTRWQTR
NTTKLSKJRNOLOIJKTRNOSMNNJJJPRINMPNLNQOP
NQPVUUQUGLVBEAKQPVHOBDENTJCHJXDTFXLZTMH
VSCEPEVAHLWSOAMOUKAPNOJZKZGFGMSRYUQDAAA
MPOOMMLPNLMMNLPLPONLNPOOLMMNMNMLNLPMONL
XWGRCYIBARFZEZTVQZTPVNCDSBZEHOKATLGFEAA
UBBCBBDSBBTOBBPGBBHEBBFQBBRIBBJKBBLMBBN
JMUPMPRGUJRMGOINRPHPRUUJRMRUINRPRGGOJMA
QPRQQTPRQPRPRQSPPRRRQQQQSRQTPSTRRQPSTSS
OPFHOOLMHHGJGEOLLFKGOJPHGLJGFLOOEEIJNFI
UQTURUVQRRUURSQVRSURTVRRUQURRRRUURUUUTU
GBCGBGGGBCGAGABGABBGGFGBFGGFBEDFBEDDFBD
IQIDIFKKKBMKRHIMHFMMSTKXUEKEBDXKMXLLCWN
TTTSVUSSSVSSSTTTUSTSUSVSVVSSVVSSTTSSUVS
RMLLMLLKMLLMMLDAMLLTMLZXMLRUMLBCMLSVMLT
BCUAKLKZGCZNYHBTMRSINLVMTWUCTEMLPCBSMRA
YMSDMSBLMSSQMSLWMSTMMSRPMSQSMSQCMSPGMSK
SSSPMNPTQTQSRRRNPTRMRNQTQSRRSPMNSSSPORA
YVYVWYYXYVYWYYXYVWYXXVWYYXXVYVWYXXVXVWX
IHIIIJIJHJHIIHJIJJHJJHJJJIJJHHIJHJIJJHH
MNRLOTPOMNRNSUSUNINIMSSIPOLVRNOTLVMSUJA
GKOMLIRSTPGRKNSHSQNPOJIMSMHTKKQNNGTQHGP
LGIDTFHTGPFHTGTGPHGIDTQKLGDTFHKLGITFHTA
RLSTJQFTQJRGTISSSKKUUVTKRQMQPVGFNSOMIRU
INHJKHHLINJNNHMINMMJKLNMLIKHMJLIJNKLMIA
KOXTTXJLKRTXROSUMIKRKOROYPLORLMILOYPSUA
YFGFFHKFFLSFFTQFFRWFFXUFFVMFFNOFFPIFFJA
LQSNRRXCWCLWHRCXUMHHUOXLFELTEONXTIWHOVT
ZFJZFJTNFJNGFJOBFJPZFJRDFJNOFJBKFJVYFJX
ZTCGHJYCRXILYVDEIDVZQHLSKOBLFSSLICMIJAA
DAGTGZOADUROJNBPZQPLEFAOGLHDPSIPZQPGZFG
AADIHIHIJCIAADIHIHJFCIAADIHJFFCIAJFCIAA
UCBBDGBBHSBBTQBBRIBBJKBBLMBBNEBBFOBBPAA
SGGBRMNROGBRMTPLSPLSGBRMNLSGGRMNRNROFAA
JQYXMRVTQUMRNXNVNKYYFKQQYLRMJFGMYHJNHIT
PINLLJKKIPOKIJOQNOPHPOKOKJQOQQHPPMQKHIK
TBBABFFFFPOOPLLKKDDDCGHGHJJJIQRQQMNNMAA
CTTUTTTMPTTHRTTXXTTUDTTMRTTRRTTDLTTVAAA
RQUCDQUWFQUFNQUFZQUDPQUWSQUWHQUQNQULAAA
MHLZTKVEJZLKZMDQUJYRMWFZXZTEJIIFFRUPQUG
LHTVDVDEAWLHTLHQGTVDEHQGWGWLHQGWLDEABAA
ZHWLRJPFATAHLBDQHEATDALTUJPUEQTHLBDMLTO
BABBABBLKKLNNNNOPPPFEFEDCCCQQRQIIJIGGGG
CIHBFBFHCHBFHBGFCHDDBGFCIFCIHDBGFDDBGAA
SPHDSVNOVVTEZYBSKBYSKBYJKVOOADGTLTEFXCO
ELMLLNCLLDYLLZSLLTOLLPULLVQLLRWLLXALLBA
HKIILHFHKJJKIGIFLFFIIHIJLGJJIJGFIGHGGJK
QMVXMVMOMVNLMVDKMVCSMVJXMVEDMVYRMVXSMVJ
DYYDYTYMYYIAYYGWYYSHYYBHYYJTYYXFYYENYYY
FYPBOFDPBPKUDNJDUZAROAEOFDYHRERPAFXSKAC
OONNPOPNMOOMPPNONMOOMONMMPPPOPNMMMMMMNM
QIMOLJRLJOHMOLPJRQMRQMRQMQIPNOLOHRQMRPN
YCIROOSSSKHPVNLWBWUJCUWHKOPSQGBUIKYLPCS
LSRLPPNNQSPPNNNQSPPPPPSRLPPNNQLPPPPPPNA
CTMNTBJUDDDDRHKSKDBTKTCJVNUKVFSBNUTQCVJ
SJJGASHKNPCSEYPGUQCNJIWVPFFFSNJXDVYWFTC
TTSAAABPPPORQQQDDDDMMMNHHGHLKKKIJJIFEEE
ZIOAFUDZEGZAWLQMLOFKIWSQZEGIRODPFTKPHXT
QUVUWRRTUSUSRTQVSWUSQUSWUSWRQQSTRVQQSTA
UBBCBBDIBBJEBBFGBBHMBBNOBBPQBBRSBBTKBBL
RPKOQOPNNTOLRPNTMNKPRSMNOLNOKPRSPNRLNOA
TWTOMSKLLQTQPNNSQLLQWVUTOKQKQSUNOLQUTOT
VVNHDDPSLYWHSPGYTQMWIGIDEKUDQGGTNUQOHSP
DLKKMVKKWBKKCXKKYRKKSTKKUNKKOZKKAPKKQAA
FYUUYUKLYUAGYUFQYUWPYUQMYUTGYUQTYUMEYUE
ERVKDCPETHTVSEXEYJCERVKEPAUGXKMRJLVDNNO
MLLNWLLXCLLDQLLROLLPSLLTALLBULLVYLLZAAA
LLCJIDZDMUDJFRDDZMRARDLERYJRYGEJVVEESHA
SSSBBAAQRQQFFFFJIIJOPPOCCDCNNMMLKKLHHGH
EECGFCCEEDEDECDGDGEEEGGDGCEGEDCEEDDDEEA
PPDZPUTBWIJUEMVTACWFDLYNLTIUFKFUQDLBWIJ
JGWCGWCQGWXIGWFBGWHIGWNUGWPBGWGXGWSHGWT
XCHYODJWSRIQNTBMKTITSWSOGUQDLRYVJZIOQFV
WWXXRTSSRUSUSSTSTUTTUTXSVXWRTUSXSUUTTRR
GGKLLHNRGXHENPSMWBERISWQYMFWLBJWPXMDTCC
XHUZRURFWMLRKGCYOQBBMBRLQRBOQBRKFUDUAXE
TTBBBAQQQRHGGGLLKLIIIJPOOOEFFEDCDCMNMMA
MHPJKCJIEPPGFQIOHCJIEQIOHPJPPPCJIIEHKAA
EDMPKEMPYHMPZPMPILMPMHMPYXMPIKMPVTMPAAA
FDBVQZSTQLKPTBSZDIQJXVTPXDYCRAVKRDCVAAA
FIIMFFHHDEHHKKLFMLJJJKHICIJHJGJFLEFHKAA
QWSIRNKVDXVCITVRRKSMKEMCYPHMYHYPUDLARRK
XFUFFUWLFUAJFUWRFUVDFUQGFULLFUSLFUYDFUB
LKIFEDCIFEDQLKIHRELRLGUUOSJUOSJLGUORELT
OTQQANHQRTUFFGCCBQBQFGQUSIFFHPOBLLFHVJO
SAABBPOPPDDCCHGGGNNNNJIJJRRQQEEFELLLKAA
SKGOGKSDCVKIDHBLSMFVSBUBJHJTIUJQAGGFFNJ
HEQAEQZUEQQIEQIWEQXSEQRPEQFYEQDVEQOQSEQ
CGJKKXYWWQEMQZSXPYHDJKKYIFWNYCYRBXBJQVR
RRGRJRVFQSQNQPKFUVINQPKIVKTQFIFLDJDORRD
VXQMSAYVLHAJVGNLDCHRRGTZYQJVRGTFADXSLGQ
XRWWVYZYUSWYZWRTQZXVTRWZZZVWQVYWZRZRSPY
TSSBBBAIIIJFEEEHGHHMMNMQQQRLLKLPPPPCDDC
FQUGCTIMIGUTRUAGSGSGCRCTUTCRFQRUIMIGWEA
NBLEJELKMJBLEJJONBKMJJILKMONBLJJONMJJOA
UBBCBBDGBBHQBBROBBPSBBTIBBJEBBFKBBLMBBN
CZPNUPLJWOKNPXTVNTWENJGRCUFLPQTXMFWECRJ
TIPLSONMTOSONFVHNMTOWSPFQXETTIWSPFNFVHA
GDKFFCUHAGNFCUPSQCBMKMXSRQONBQGQVECGQEZ
ASASUMSSUFRSURBSUPXSUUFSUAHSUUISUKFSUBA
DLNJKZEEULSTUTVXDMWWMBCPBZDVZUXSTHTCLMI
VXYTTTXTRSYRXTQYRXTTQYTTTQTQYRRXTRXYTTA
TAABAACLAAMRAASHAAIFAAGJAAKPAAQDAAENAAO
SXTEXTUPXTWIXTBPXTWHXTHUXTFHXTXSXTRMXTV
NVZLFRQBDXWBDXWKHNLQWYOZIOMTJXYQLFJAZRZ
MKKKMOLOLNKOONMLJNJOOLJKNOONJKMNKKNNMMK
TTSBBBBIIIJFFFELLLKCDDDGGGHRRRQOPPPNNMM
SSAABAMMNNEFEFQRRQLKLLIJIIDCDCHHHGPOOPA
MGNHDKGNHDNMGNHDKNWXQUUNMGQUNMDWXQXQUNA
NPWOIFVSQNNWHQTTKUEENCSVIIEBBMCGOCBCRMW
TABAACJAAKLAAMRAASNAAOPAAQDAAEFAAGHAAIA
HVFLJRERCPGSHQEJOYAIYMEWOGVXTKBVVPTMQXX
LMCVMCUDMCFLMCVMMCUOMCBQMCWVMCFWMCUJMCT
DDFLGJGMCPTGHLMTXEDNHQYUFNMCLRYYOVUYUGN
ZIMEFPJEUVXLARVQUPRXCPIFTCZJGHGRLULDLXA
LGLNEZQFQSKFXVKYFPEORYQNFJCSCAQLGLNRKMH
PQSQRQRRKOSSRKSQPSSSMRQSKQLOLMRLMQRROQO
WSCEVXJHWSXWHPHWSCEVXWSCEVWHPSHPSFVXWHA
QHEJMCKFBBEHGDOIQHMCPINGOIAQKFGDAQPIEHA
TRSBPHGCAADPPOUITWBZYFYFSOAJNNEIKJYIMAA
HPDEDIKOHCOHCONHPDDIKOEDIKIKOHPDEDHCOIA
GCFGBDFGFDEGCFGBGAGGGBDGGBEFDEAADCGEDAF
AIJJLPBQGJLJJQGAHBJNBNFPBEENFAIEEAHOPNB
TXXWSTTXYUYWSYSSXVSVYVUWXVWWWYVUTWTVTYY
MTQFVOMLFUEJUFVEGLWJVTTTOWFWEIUUVTJVKIJ
GPOBDYRCGCAVFDRFOMCQZAZCJPLZAZNGLOLAREM
HTCNCHZECQLDCPFFFPKKIDELFVDZTXOOKTLLUSJ
BKKGCGGUGCGEHEUCFYBBOWGHTWKCKZVSQADYRQK
KGQRRHENDJVOTLJQZQEOTQJUPQJPGITYLQQKZOT
IDTLDUOJGAXCBYZYSIDZSYATPHHLYERNGJYVMHA
SRZZZDZCITMFBPZFXQPPJMIBYMQKHXTPTCIKTLX
TSBAAAPOPOJJIIQRRRNNMMGGGHCDDCKKKKFEEFA
HNMKTMMKIPMKVLMKTLMKEBMKVBMKCXMKTLMKWAA
WHACBSFZXEHGDWWQWJFKTGFHEBYJFABNGUSDPRA
YHUIFRRQWYHRAAIWCHSFTFUJCPGWXECBGKNGBRO
PILKHMNFLOPKNMMFJIMMRIFIIHFIQMMNKHIMLGI
TYEHIUHUBPWIUHTTOJEIFXKYMHIZVPZGXOKMCFI
MLMGILHINLMHPGIINLMPROQGHPGHPGIFJBLINLM
GZSJVADFCLMCLNYGZSJOIPLMYAJRSALMTDLOCGC
KPBMLMONPDMIYVHNHRZNHRZMLPMJHPZHHICGFXB
TBBAANNMMCDDDEEEEGHHGQQRQLKKKOOOOIJJJAA
PONJPONONJPNJPGJPGLQLLJLLJPLJPOPGLMIQLL
UJVMSEIIPCIPVIGDFJUDIRDTRLPIRRGGOFQQHDD
VCDCCERCCSHCCIFCCGLCCMPCCQNCCOTCCUJCCKA
ROLMQNLLQPNQLRSPKORSONNNNQLLMMSLLPPNOLL
KUHNVVLATAAAKNUFCIHXAEHIGZBWCQRCBRFAQXT
QQGQJOPQFFRJILGVRLFFPQPQQGTIPQPQFFFFFPA
MVUVYXUVYVIVYALVYIOVYKLVYCPVYTKVYODVYFA
POOONQQORPPQOQORRPOQPOPOPONQQOOOORRPPQA
HXENOLLSYBDAHPEDSYBNAUODMJQKFBTOBAWWPDY
PKDNQFSSNQFQFSLKDNLGSNQDNLGLGSNGPKDNLGS
HUZGXQRLQKLJHGTGPBTMQGDWSBVJZFPDFOTPRYA
ECXQMMUCSSBJYDGSGZJFXAAGZJDWKUVAPRPBGJL
HVTGZIFYVMAKFZUZPNWPLUTSUUNYWCVTRPSCUYS
NVGWVGPSVGDGVGKXVGMPVGNTVGPIVGLKVGIDVGO
LHQUUHRPKUUHWHOQIIIILHNSOQWHPUPURPKUUKA
NBLBLUHBLENBLOYBLEFBLNHBLEDBLEFBLJGBLOA
SEGPFIPROEROECEGPFOECKBSEGIPROPFIPFIPRA
BKLLUHTRYNUZAJDHEJZGDXANFEXCDEKQFPUHAAA
LQSYQSLSQSGTQSMWQSXVQSMPQSIDPQSYQSRLQSS
WMTRYROLUMMYMWTPNXLMMXYMUPWTTNPNMWMLPUN
YOGOHEMOGOQUCKMYHOYONAMHAQOWDPGZAHRCNNG
SONMRNMRSRROLMRSRSRROOLPKLPKURSRRROLPAA
PONHKNHRPQNFPPFMGFHQHROQHLOJFMJMIIRIJOA
KOQOONOQLQMQNKPLQKMLQMNPNQOMMLPLNKQLMPM
LMEQELYFVGQPNTFJQESOFVGEKBYYLTKNYMHURIH
SFLPNLCXBCJIJKTXDMWMEETORAGXDMWXSRAZEDB
WQKBAHMGXYIVDIIOCBEQVAORPTHOCBEKPUIPQEY
WVUSRQSXWSVSRSWUYUSVRSSTWVZSVWSVRWSQPSA
ITVNQJCYXUBVNDNMRWAJSHFSEFGDDYDKMEBHUCR
YFGFFHIFFJQFFRMFFNWFFXUFFVKFFLSFFTOFFPA
SUNRUSQNRUSOQNSNSUNUSQSQNSUUNRUTOOQOOQN
JMMIKKKKKILMIKKJLJMKKKIMMIKKILJILJKLJMM
RNKFIQFJMOIREHJTKFRFSQRINPJKPHIIEEQJURT
LKLMLMKLKMLMLLMKLKLKLLLMKMLLMLMLLLMLMAA
ETTINZIXIBHFXHFXNLOZGETTIHFXNZGQTFRHXAA
WOKLXIWIWWRWWRTXIWWRTQFIWOKKLXIWRTQOKLX
GNLEOINEJEQNOLOQQOEPDOGEFIEOKDQDHPPLKED
OUOUUTSPTSTSRRQUPNONTUUTUUNSTNPQSQTOOPS
EEOWEOMZEOEFEOFPEOTREOXDEOULEORNEOOVEOU
WTXTSUTXVXVXUTSUTXVVTWTVTUTXTXUUTVTXVXV
JMKQOUOONWIQRRQNNURSJNJKTPVIUMNROTLLKLK
SPSKNFQTOCFZTHUFYOJYOJDJVHBIRAAVVXDHKRG
NTIUTIOUTIMXTIPOTIRWTIOHTIQLTILUTIOYTIS
URRUSTRRUTUUTURRURTSTRRRRUTRRURTURRTRRU
BAAARRRQHHHGKKKKOOPPMMNNEFEECCCCIJJIAAA
YGKTSUMMKPJKPJMHQHPRGOUQPVNQVXLYYJNGQUU
KPLPOLLLPNLMQQPNNQKMOLQQLLOQKMNQKPOLLMA
GQYZSAFNLTUHKESKUFIQYNLOYMQLYTYMBZCITHE
PRQLPRQNMQMRQLRQLRLLRLMMLPRMQMLQMLPLNMQ
JEVDAEVFEEVUAEVJBEVKHEVUIEVQHEVIAEVUAAA
TURBXXFBHWTUPIWZGVLFYDNWQPKCBDJZEVPRFYW
ZINJSJNJIANJPPNJJFNJQWNJJHNJSBNJKGNJAAA
MTTUTTVATTBYTTZKTTLITTJWTTXCTTDETTFGTTH
TSSUJSSKBSSCDSSEVSSWXSSYFSSGZSSAHSSIAAA
TABAACLAAMFAAGHAAIJAAKPAAQDAAENAAORAASA
IRAEIMKYLIAJZMSVIJKOKIJNZWBNLWGIHJQDXAM
FXWLXWZKXWROXNXRXWCNXWEYXWHVXWVGXWIWXWQ
VJTEOJTXTJTZTJTJWJTCSJTXAJTFHJTNGJTLAAA
TPJKTQOOTPHGORUQLJTQLHLHGLLJOOHRHGORUQA
SPRVGUPQRGQMUGSPJQQMWIMPPSSQUVMTWKPSTTR
UGBURLCLHLJCHLEVVQZEPPVSWNDEMNPOPDGTVHG
JQKEKIOIOLNOLNFEIJQKIOLIJQKQKEKKEKIXEIJ
CNTQRIWAIXSGPMPCPQLMGMCNZIVIPELZYGPEMMS
HHLUMWIHIRSWRKIKIHRKTOFVIKHTHHIRSWTOHTA
JQQRQQSDQQEFQQGTQQUHQQIBQQCZQQAVQQWXQQY
HWSVWVUDEJFJFLDVMFQDGIXYSXQELSQEIOGJLHM
XBLGFBGJHYWWBQHWBQHMSHGFOHVBSIPMOSZIXCV
CMYRTYKLOGUNWVCXPHSYHPLOJOWQNQXQGCKPFSR
RHRHGGMIBFCQXFEHGGMLOJOPOWDNWRSYNQDFHLV
PFLVCVZLULVEHRBZDFYHHUBDKJHHVRNUMSFHUBF
FPDCJCBOOOMNOULXOOOJIMXESUPUNJWZIBGQKNB
SOJLIMMRGHUMRGHJLIMIMMRHUQFMMRGOJLIGHUQ
ZGGHGGIXGGYNGGOTGGULGGMVGGWPGGQRGGSJGGK
GPHQKHMPHQKJDFJGKBJFGPHBJLDGPHQGPHQGKBJ
FKAWBDBJAMJEQXVQZARZYQHFJDRYQHCAVMNPTQX
JIFGEIJFHHFJHHHHGIIIJFJJJGJJHGFIGHJFGII
EIFHCGDEFIEICDICIFDGCEHCFDDGGIGHGEFGEDA
OJDIMRXMHLCVMRPBJOAWOWGTYOJORTCEDMCNGAR
USTUSSTUTTUSUTUTUTTTUTUSSTUTTUSTUUTTUUA
UCBBDKBBLMBBNSBBTIBBJQBBROBBPEBBFGBBHAA
SMPQDXYGPNZOMJLMWYIBMSDGJAOVOQDAEDWWCWA
CJKJJLUJJVYJJZAJJBQJJROJJPMJJNSJJTWJJXA
MOMLNOOOMNLNOMMNOLMNOLMNLNOLOOMLOMLOLOO
PSOGFYSMGGTTVLJXETFUGFPSHOMFQUGJIMXTEWU
DCCEHCCIPCCQFCCGTCCUJCCKRCCSNCCOLCCMAAA
DJDZIXKYKKEZHWUWUXBHYHWNTWVXITWUFFMVYKK
ZMVQNONIGPNKZTTJCCMZTTFNPILSSNDWUPXFDLJ
SGELMMDHISLKPHTGELDUNIJJAIRPBCCGNKINRLN
XRHFIUTYXQWWKLRWCBFWNWGRXLCNYVSFXLRKERS
OOMASBNLBCFZQFBDTBQZZAYWPYLBOELTPCOUPFZ
BAACPAAQHAAIFAAGLAAMNAAORAASDAAEJAAKAAA
UPXSCMMUMYXHDIUXUWISSWYSLLSIVHSMIVPYXGH
NYREGBLIHJFROYUFIXAJYBOXKKKVMLEUBNQZAAA
GNPGHHDSJCBDGORHKIGTKCLEJBSRJTHHOPEBMKT
LHUFTDVAURPMALIMFQOAIAMWZZMMOPQSWNQCDKA
HOJPMFOJPMPFMNMFPKPKPFFPKPKPFMFMNLPMFPA
ETESTGTGMSMSVUPUJVKFQOJVETVUKFQOPFNVPUA
MZGWXFVIRSVXLOADPARRXLUXNCNWXFVHDJHSLAR
GLGNRAZPTRNCTCIUNNONVMWGSCTYCTEGEEYXENA
IRLMKKJLPILILMIPKMOLIJILQJKOKIMNLLKLRKP
OHIJOGFDENOONDHFNNFKNEPHOHGJJLJGJGIMLIF
WMFEMFFEMFVEMFYMMFFNMFPMMFVJMFWYMFBWMFX
IRLLDQEMDQRWCRTATDIZLFTPCDXCIFURFSFWCRT
AHHIHHJYHHZUHHVMHHNWHHXQHHRKHHLOHHPSHHT
HCCBJCJOHJVLCSGJVJOHCLCJOVLCJOHCCGJVLAA
XTPNOTIKWXTWXTLJIKJGVSXWOEVSLJOTJGWXXWA
YLUKVQYGKLHITGGSMNMKVQYEFDVPLMJYZAZNWSC
MCGPNOHIMIREKCIKKNDJNENMPMQOCJKRCRJNRGG
DGICGEGFDDJGJGEDJCDEFJDGDEIICHGJCJEIFCI
IRGFHHOSCFHOSOSCHIIRGGFHOTGIISCHHGIIRAA
PMHVSZMNCERJAIUGFMMSVTRFDMXGJXGIVQCFHDR
WEDDFQDDRODDPKDDLGDDHSDDTUDDVIDDJMDDNAA
NXQTWJQLPXWPXWXSNXQWJQLJQLPQTWJXQTWQLPX
BIIJIIKRIISPIIQXIIYZIIANIIOTIIUVIIWLIIM
WDEDDFUDDVKDDLODDPIDDJQDDRMDDNGDDHSDDTA
NSTOMNPTPSOSONRRRTPONRNTPSOOMNPPSRRNRNT
OVYVNSRCQCSMXKOOIETMBFIGTTCBNRWRLVNWWWU
SQTTQOTQOJNSQTLNSQJKNIOJKNQOJKQTTQKNIIA
SOHRWRKJQWPGQIQIGUNNONWRJSGUNNJSKJONSOA
STSAAAAEFEFKLLKOPOPDCDCNNMNQRQRJIJJHGGH
SKCJDILMEWAFOMRBONSPVEWBBPTLWHRZLHPVFAA
KTHTTHPDTHZPTHJOTLTRTHFDTHKUTHNRTHCLTHQ
GIKHHHEIDJJEEDJHFLIIHGIFLDHKFEIJHLKIJMG
ORLBCGTVVHSKGVVBDOFLBSDSDDEGTBDDEKGOFOR
XHIGFQRRPWQHIGFPWQNSXHIQRPWWQNOIGFQFQRP
MMWFYPFUDQUOLUFSKARYZGUDQUZIEDCBWNAJWKQ
EMQPLHRJKNEIMOVRXUQLIDTGSCELYIZPHBDRSXA
AEFBBABCADDDFDCBADFDBABCBADBDDBBEEDFDAC
JQEYDFPFCVPUVRPAYJQFVKGNSLVGTGGCEUIDAAA
MTUTTVCTTDKTTLETTFATTBYTTZGTTHWTTXITTJA
NNOYVYHVEVMTQFKSWDIMGOWZINOJSKPJUAJZAAA
SZVWXWWUTZYYWUSSYUUZWVWRZYZUYZSRWUUWSRR
LMFXGZJXLTGVJHMGVGJAFWXGZFSZONMGVGJXLTA
GZSPBXPTLPQFWOQNXQMKXGFWGHIYBDVGFNFZHBK
JLRKLPFNIDJODKRLJOOLFNFHJLIDSFSFFHDKOLA
VPZCQFDRXVJAHTFQZVOPKCRWFXGQZRLCAHJUAAA
TABABIIJJOOPPMMNMKLLKFFEFQQQRGGHHDCCCAA
TBBABLLKLDCDDHGHGQRRQPOOOMNMMJIJIEEFEAA
TBAACHAAIDAAEFAAGRAASPAAQJAAKLAAMNAAOAA
AKTPVZCWPYEGDJVMRFHJTOZDIHCIHLSXNDBTEAA
EIDJEJKEIDKKEIIDJEEJBBJEJBBBDCJBBDBDCIA
DMGRJFBRAOEZBJHMDHRMJAVJXOGWBBOOWDJPYAA
RKMGSVFMGSVKMGSIVNOVNOKOKRKNOKRSVFPKRKM
SRPQIEIVEEXJADTAYKRWKBYVKONPWIHEUIXRYLA
UTTUXSSUWSSSXRVSWUUUVRXUURUUXTUVWUTTSRU
HEAPEAFPEABUEAWNEASTEABBEAQSEALPEABXEAV
OWXLFUCVUSRGZOCPFJZBTAFHZNFYOWXEERCYODG
DDDCDCCCBCCCCBDCDBCCDDCDBBCCDCCDBCCCDBD
JKJLLIDLILJLEFEFJJLJKGJDFJLDLDGELKBGGDF
ONNMMRQQQMQMSSPPOMSSQNRNPPQNRNOMONMOQQA
URNKLSLMRURVYBFPVFMVRLHPADWNQAHEQAGXNZQ
TSTBAABKLLLQRRQJJIIEFEFNNNNGGHGDCDCPOPO
JHKLONCHEPPCMDPKLIHPGFKLFEPPGFNKNLLNCNK
JKRAXNUSEJWRVDLRSAFOSGKSASTXYNDBMJACAAA
AZMBXRDBFBCVVHBOHBWRUKAHBEUPCMQTFNXMHZO
PINMORQSRRSQJJKKKSMJKMNNJMSOPOPSPJOLRTJ
KIEYEXAOBERQDHJABLZURDHPDKMYKRMHHKIDGFZ
RRQSSTTQQQTTQTTTSSRTQQRTRSSSSTTTQQQRTTT
VHPRMISKPQCYAHZHGIQBRQPCNLAOKGYIYSFPLWH
OTORUPPRTSSQRSSTQUOSUUTSQOTRQSRTOURTTPT
TVWVTVQVWVQVQTVQTVVVTTVVVTVTTVWTVVTWVQT
THVAKOFZBDIZBDIBWBQLPDKCZCOEGBYXQZPDWJN
QFNFFFEFFTEFFAUFFOBFFWJFFEIFFKQFFOTFFUA
GRURRUBZRUSJRUGHRUKZRUSSRUFBRUMFRUSBRUT
HRLZTLOFWGZEVWIYOWYJCNMGQOGLCZABTAEBRIA
XVVYXUUYUUXVYXVYXUUVWYXVYVYXVYWUXXVWUUV
IHHMNLKMHGGIHHMNNKMJNIINNILIKJLJMNNGNNK
PQQQHPIQPPIPHIOKPIPPPKPIPPQQQIQPQPIPHAA
BKGGIGCLFIFFHJGCEEFFBBBBHDLBIDLLKCBLFEB
YTVHMILMSMLSKTMSGTQLRUWQYEPPXPSLWJYWSOP
VQTRSMQOLJLJVQHOVTNHLIJTHOLIQOSMJTVTOIA
TABAACHAAIJAAKPAAQNAAOFAAGRAASDAAELAAMA
RESKEPEUESRZESGWESGPESOHESUAESOQESGWESY
ELLMLLNQLLRULLVALLBYLLZWLLXSLLTOLLPCLLD
NDQFPTUNZARTUXIGTAKYXVQBAPCHWLNIOBQTHNZ
UVKOOQNQSUQSUVSUVKOOQRVKOOQUNQUNQSOQROA
BBBBBBBNMMNQQQQIIJILLKKOOPPEFFEHGHHDDCD
JLXGNSCAAZEIVGRXIVGFNSLSLLPVKGCIJYYXKRW
DLZFWZMTHOXNAYQSTGJGWWKWFXPZWTLWPVWJTFG
LIJPVKSCYZICLXLMYOMAXULLYNSCPXAXISLLMKG
NQVUORVPOQQOOUOTOOUURMTUONTRPNQOPMWTVPT
KQGZQQWPQUWPKXDPRDVHKFNPQUWRCPIUZCCRNSH
NDCCRKSCYPQZAWVQTXHJXQJFCIYNBBLTWKZRDKA
FZTKIMDZERCRGAEAVKROHXPQRBUYHLRTYHLIJFN
PQMSVIJJPXMKHRMPWKTVJSFTHFLXRLNQTKIFHPW
DLCUCELXGVJXJUECSESKHCKKXINNQMCUGPUXSAA
ECBKNSDQODAECBKNSICBKNODAEQODADAECJDQOA
AHIHHJQHHRMHHNSHHTKHHLUHHVYHHZOHHPWHHXA
GPSAWUBMUWUSFKLADQGQZNBADQGWWZNMHZYTYQO
RPKZPKUVPKZQPKXZPKMPPKGLPKBZPKKAPKIJPKH
AZWZAIWAIWSWSAZZWZESAZWZEERWZEEIWSAEERH
GSENOWHCLBMAKITJITASSKQJLOIMYEADDPSZJOO
XVLWUPTRZPYZNNJDKVSFKJILLUEMDUIVUXEMJAA
PRHNMDNNENBFDHAAXBVYRDBNENBJYHTIWWGGQAL
AAAAAAARQRQJIIJMMNMHGGGFFFFPOPODDDDLKKK
LOISIJLDKEIESQDSQHSGHMLLDGGPRTEPPQSIPNP
CFLALJMHBDJFHCBNIHCKHCFHHDLJCANDLODCODL
XWVYDTBLXWVQNQYRJABPNOFXGOPXDSJGWFJWWST
KKTSMILNJYKTSMLTPZYXHLTSMIMIOJPZTNVQSXA
VSTUPPOMRUPPSVWVMMPQOMVPWVSVPQSMVSMMSMA
JXQXKBXXKEEXKVOXKYGXKYGXKUZXKFEXKCMXKTA
XFEEGPEEQJEEKTEEUVEEWLEEMHEEIREESNEEOAA
TSBBBBBHGGHQQRQMMMMPPOOEEFEKKLLIIJJCDDC
PCRICRNQCRTPCRRRCRVTCRPTCRPWCRILCRMTCRQ
KKHLHLIJJIHIKLJLJIHJLKJJIHJLHLLKJLHJLHJ
JIIKNIIOTIIUZIIAVIIWPIIQRIISLIIMXIIYAAA
SRQQIKIMQSNOKNMOOKMRNIOLJSONRPSIKMNMQSR
NHEERMTYHFRSOFTSOFTXGETCSEGSONHGMOAFLKL
ILGHNMHEMIKIFDDLILFDFLFEMMNMFEMMHEFLDLA
TKBKDHVNDEKTDQYUYVBDNBWNNMZKIOQXWWAQRNA
TQOLULWNOKPXKKXKKQVOUNLVXTTUMVNPLKKQWXW
KGNOBJNLXBVKZEAWZXXBBSZEEMLHJCWJMFZHHFG
QYHIPDJALOSGOAMPSIJVBZBKMCCYKHDPSIJHBYR
DIHGJIHGJDIJHJGKKFEIILGFIILKLKKFKJHKKFE
JRNRIMIJSSUXIVOPWTMFNIOWVGWWITFGGJGKRVH
YXEXFMFXFJQXFECXFKSXFZQXFFDXFJHXFIVXFNA
GEIBNFJNPQHJNBGBNGAHACCAGLNCKKDDACJAMOA
GGOWVKKCBLGSVEWOOEWWJTCJFBFFENJKFQOJDFS
FUNNUNKDUNHGUNNGUNGKUNHNUNKQUNPTUNEZUNP
LYYGUKZZPTQTTBLJEGBXPFDUIPUTATYFTXNRVXY
NMMOBMMCXMMYRMMSDMMEPMMQZMMATMMUVMMWAAA
WKYFDKYOWFBKWQPPIVDKWQPEUKUUJQQHIKGLQFO
TAABAACLAAMFAAGHAAIDAAENAAOPAAQJAAKRAAS
UBCBBDQBBRKBBLIBBJEBBFMBBNGBBHSBBTOBBPA
DAEKAEHIAETUAEVCAEVAUAEPAEGDAEEQAEVOAER
SSSAAAAIJJIEFFEKLLLNMNNQRQRCDCDPPPPGHHH
ONNPUNNVANNBWNNXQNNRENNFSNNTCNNDYNNZAAA
KKLJIJKMNJJNJJNJIKMMNNLINMNJIJKMJIKMKKL
KQCIQPBROGMCSJRONCAAFOEUIGOEJUCMRSKBMTU
NQLIRRJINQLINQLOOIRJPNPRINQPOSRIPNQLIPN
SRRPQSRRPQPROMPQSRMNRRNRRPRRPRRPROQSRRA
INUPSRIGWXWUOCAGHPANJLCDECOJVXHINGYFFVA
VOPQPTOXUWWQTQTXTRVROTVTOVWSQQTWQUWQUOA
GLTIGGUREADJQMWRECAHZYAZSZCQMWSXFUUXPTB
IXFKMGPBWCUQKSKBMJIAASKQJJALEMUPBWLWSJA
MMMMLKLKMMKMMMMMMMMMLLKKLLLLKLMMMMLLKKA
PNPNOPMNMOMMPNPOPMPPNMOOMNPMOMNNPNMPMPN
EEEEIEIEEJGFGHFHFIHHIEIIHHIEIEEGFFGJGHI
XIMRROLVXRRINDERQXYXAVBNGCFEWNIPGGHGNZK
DOAXGZFSWYSBXZSZVZDWRRBSLMBKRKZFOGPBXVK
DEDEHHIHDEEEFHFHDFIGIHHHDGDGEEGGIFDFGGA
WLLLRLRPPLRXXVPROXUPYMWOWYVMUVNRSMNWQRQ
JHLMLKLHJHIIKJLJIMHGLJJMKHJLGLGIGIKLHLM
OPNROOPOQRORPRNRQSOONRRNRSPSPRQRNOQSOON
NOQMDIGODJGMFNNCJEGCHFOPMPLJJDEIJGCQEMK
LOLFLIFHGHIIGMOOINLOFLJIOFKOOOOJHFJGGMM
LKIKLJKLKIKLJJKJKLJJLKJLKKKIKLLJJLJKLKA
AVFQEYSEDKNVJQNBBZOUQRPZQEYAQWSEWTSNEXB
EPCOSUHTIKLAHRQALKLWNZZFCWNSIDIJUPBJVGW
POPONRNNPOQPRNPOPOPNNNNOORNRNORNPOPOQPA
PVKATWGPUFCVKATGHOPKATWTWGHOPUFWGHOHOPU
MVWUSQMWGHUJMVXUOWGFKHSQMWIIXUOWUJGHGFA
KFVLRTQRHPNGRFKNILSSSGKKTHWQGWWWQGTWOSG
YXXZBTEPWNMTDHHVTXCSIXLQRITOORCWMUAEKIX
NNPQOMNNPQLMPPQOQPONOQOQLLMPOMPONOQLMAA
HSOXHCGZVGSMIHCQEDGAAPUIJFTTIRPIJFTPLWZ
XEFEEGJEEKNEEOREESLEEMTEEUPEEQHEEIVEEWA
QQGIYYLEFXYGLLBCGYQXGNHOXXHPRYFGHNQXNEA
JRYVINHBPSKRDBPHXVUKESOWQOIDDRTZEMCEBNN
NYTDPQZIOYDINYNEDHYZXERYHTIDYRHNXNIRYME
YFGFFHIFFJMFFNSFFTKFFLUFFVQFFRWFFXOFFPA
PRNSTSYNONXVYVTSMPYVTQMPYNVUNONOPRONXVA
AGMRBOKSLZJKVEXYHVNCXFUKGIEFBAYNWCXWBDA
AHIHHJSHHTMHHNQHHRUHHVOHHPKHHLYHHZWHHXA
RQLLOPKPLINLOJKNMMPKKRNOORIKJMRPMNONPRP
TPSNFNYLYTZIEDKSQGTYWYVFIVCMTFCIDZCHEGA
NURRSNRNSUVNURRPQRQPQRQSUVWNSUVSNSUQMSU
WVXVUTVWRRURTVUTVRUTTWVRURUXUWRRUXURUTT
FKJPXOBEJIAITSBBCPXHEQLZUEKIABFEUXFSUPC
QBVAUFELKVPKKXODTZUZLJLKKXONJQJOJAUQSYK
LRIDMRJKBQHFMHRQHJLEOOTJTQLLNIKHOEETMIF
KJZWJZZGJZJETJZOJZKCJZDYJZUBJZCTJZJEJZZ
SKWIQJGUOJTGPOCNJKGJLEUGQKJOVASCXUNTXSI
LRVWRVEZRVBKRVFARVOWRVFKRVCVRVRTRVTZRVB
MQLHIMRJPPHIHIMRRHPIILOQJLNPHNRIGOQPIKG
TZVSUXXXXYYYTSVVUSVRRSWVYTRUVXXXUVTWTTU
BIJIIKLIIMXIIYRIISVIIWZIIAPIIQNIIOTIIUA
XGOBVBMFQPYWYJOFWYJITQSTIQLPPLEHWDMPYXE
TBBAAQQQRGGGHIJJIOOOOFFFFNNMNLKKLDDDCAA
WVWWVVWUWVUUWUWWUUVUWVUUWWWWWVUUVWUVUVU
HNBIBINSVIHIHFJSNSKMIIVIIJKKVVJTBPJOTUV
IECGECLLECUNECYVECRSECMSECMAECJXECKQECV
XPUPXRJRKSPJDLXPYFIJXEJFFIXXHHJJMIBIOPF
SFBTMOQEVOHMTWZACXFVRCOGRWJDFIMPEYQVFGA
TVSSVUWXTSTSUSTSSSWTXUWXXVTTVUTVTWVSAAA
CQNCYZWTZGWGGFIPIEIFPWMMBTWKUDUJVIWYAAA
KMMNOOLONOKLMPOKLMPOPKLNKNKPOMMKKONMPOO
IIPHMGNHELPPNNENLJHHJIPNHFKPDHILLKNELEL
HPOOQTOOUBOOCFOOGDOOEVOOWXOOYZOOAROOSAA
CNGNGNFGNFCQSSSCQSSFCQSKCNGPIKCIKCNNFCQ
QPPRSPPTWPPXAPPBCPPDYPPZGPPHEPPFUPPVAAA
QXXYXXZCXXDKXXLEXXFMXXNIXXJOXXPAXXBGXXH
ZGGHGGITGGULGGMXGGYRGGSNGGOPGGQVGGWJGGK
MDCOHIJRAMIFPNDJXRSWDNUEBHNHQBEOIAMHAAA
VVVZUXYUVZSYYXTRSOVZUOVTRQRVVRUTTSZTXUT
NVYRXJCZXIHRMIZMZVKITUQLTRDBJSDAJCAMZVK
JKJJJKLLLLLLLJKLKLJKLLLJKJJJJKLJJJKKLLK
QPPRCPPDWPPXGPPHEPPFUPPVAPPBSPPTYPPZAAA
LXQMWJRCIUQWKCLRBHXSPSFFWKCWKELVGLGBCKU
RPPNOPXWWMULPVULJXLSTUXRVPWQJWMTXPPLPVU
MHPTPKSUTHISVKYTYHVKSMHPSMYHSMYHUNNXAAA
GWEHSEJBFQVRFUGSESJUNOXHKKNLNWLPCKCNXPA
LKPQMVGVTTSXQKSEQZPQQHQLGATEUXZQQUHLNAA
RQELJDUOPSJDFSILETLDUOETLDLMRQPSLMFSICA
UCBBDSBBTQBBRGBBHEBBFIBBJKBBLOBBPMBBNAA
TWOJVWKQACYCYKPLJQAMHWLBRBNGLYYODFHUPMY
BCXIRSXILAXINMXIBHXIPQXIUDXIQNXITWXIDAA
BBOBUPYUWCJMNXIFRXZWOCZJTJRXNVGWPZUSDLV
CJKJJLOJJPSJJTAJJBMJJNWJJXYJJZQJJRUJJVA
GFFRBVSZLXYZWAXLZZAQQNIDZLSKORHFLYRIAAA
BZXIMTQYGYFSNRHVSDGVVBEVKXDFSAOVBEEADTN
ZVGHLLGHWNGHRZGHOPGHQJGHJEGHQQGHXKGHEAA
KKKHOPOPLLROFKOFKILROFPLLRKKHOHOPLLLROA
HDDFFCFCJHEEHHFIHDJHEEJFEGIHFIHHJFEGDJA
VWIDSEBDUSHOVWIMIDSDRXPLRUFRMIDOVWIUSHK
NMGWVCVNLFRXFDLBPBTWHDWMLAGCHVCVPBTWAAA
VSAINSRDYUZNFRDXQZALPFCWAPTWKWCEKWTGAAA
GZEPEDVXNWTEGZEEXZMCYPFWMSYAPGEPTPBLFQO
SSBBBBAJIJIGGHHDDDCFEEEKKLLOOOONMNMQRRQ
WMRMROLMROPMRFDMRPLMRIIMRBDMRVLMRIZMRJA
IIILILJJKIKKKLILJJIJLJKLKIKIIILJKKJJIJA
QQTUUTUUTTTTTRTRSRQTUURSRRUTTTTTTTTTRSA
ZZYXWYYXZXWYYZWYZWZWYZXWZYXWWWZXYZXZWZY
KIFKNHOINORGMNLRRGHQOINHRIMNKIRIHQNONNA
TOTOPRPRMTROQQONRMRPNRNRONNNRPPQNORROST
HPAXFMQBCSLGGWPFPHTTHQNOUMAKKGXFPHTKGOS
SNORMNPRNNQSPNQSPNQNOROSTRMRMNPPSPNQTRN
AAFKJITRBFHDOSKFSGONGTGGTGGTGLILHHLHCOA
IHEHFLHGLLECLEGEMJLGDHLLJMCAGAIHDJGLFBD
KTOLPKTOMKTLOMKJSLOTOLPOLPKSJSLSLOMMKTO
TBABAPPPOFFEEQRQQIIIJCCDDGHGGKLLKNMMNAA
NJRGLEFSQOMCYCXGVBYPGJQBNKXADSAHWKMCYCA
YLLRLLNNLLRHLLRYLLRALLUTLLZSLLWOLLOBLLH
OVTIUDJKASOOGXONUIASXTQVOQSEWKKAUHEQRAN
SPPCVPPMBGUCFTXBSTVITBXZJPAXHAGTVXBWLYD
BBDCUGURWSSIJRTHIMLYANCNWZFMLWZGVBUAYKN
CAEOAKDLIBAFPHTMLKXFGEELQBXAGNXRCWLMAAA
IPPQPPRSPPTWPPXCPPDUPPVYPPZEPPFGPPHAPPB
GLORFJFWEWGSLWDJFGJDJWKFGJVWDJWFJFGGSLW
STBBBALLLKHHGGEFFFMMNMOPOPCCDCJJJJQRQQA
QRQRRSRSQRRRSRQSSSRQSRRRRRRRSSRRSSSRSRS
YLOUOLFYWQEOLVGHDKKNGTOASPPBEFLTMKGXIAA
URRMLUVVIKRTLWUOVWJMLQQNNKMRXQNKWPOQQKK
WJLTGUTTLTHLEXQHMDPUUAFHOJLFJFGPPSUQCOH
ZOMSMFCADZBCVAKICXDZOMSBGXWMAQIRQRFDTLT
WWSXRWXTUTWRSRRRWSTTYVSUTSYWXYWXSXVVTST
KHGJJEIKGEJBHKKDDBJBHKKKKGEFJJEJJEIFDDB
NMKINKEINIILMFMLDFJDNILELILJLMNEMJJJKMD
TBBABMMNMCDCDPOOOFEEFKLLKJIJJGHHGQQQRAA
NQUIKAYKLKFIXWUIXWURITNCFRTTSMPLNEPPFUB
GHLRPTONPSGPKXIKNJPITOTPFWNOXTETIQPHSPK
NPOPRPPQQQQRNROPQRRQQRNPQPONRQOORNRORRA
GDLEEHFKHEGFLEFFEDHFHKHDKKHHHDFHEEKHDEI
EIJPPOOEEIPOKPEEIJPPOKFFOEOKPIFOEEIJPPA
KKMZTQMVDEHGILLMVJCZNUSGHSGZZUJLIETELAA
CVLABLCOMROALHXZFZPCAABLJSSGAHRLAWTVKMU
VUZPVBSOVTVHIAYVCQXBOFTOFZWWRZIJRLXHXMQ
TSXSRRRNNRNNWPTSXSRRNNNWYNPTSXSRRWNPTAA
AGDJTCHXVCYXJDLPDVLGRLIRENUVMBLDSZQMXVC
JAHMDMHEXXTGIFVLZBQNWIHBJQMEMDMGYONAPWD
TBAACLAAMRAASFAAGPAAQNAAOHAAIDAAEJAAKAA
XRUNTXRXRUNKUNTVKQKQKUNUNTXRUNNVKQKKQKU
RMFQZKNWOMYNZUUYCPPNFYZDLNEVELNZOWJZUUL
SCCPVSNCSPEPHFKNJCSESOXRNOPXUTPKQXXXIYC
ERHNJSNOJBJQUXGJMENRHNEJRBWTHTKAWIYAVDG
IMJJKLFLEKMGNHFLEKLDEGIHFKLFDLLFJKHLIDG
NWTMXWTVVVVUUTMXUVUUNUNWTUUNWTWTVTVVUAA
YFRNXYXYIHIHRQOHKYRQOHYQKYETSNKYETSNYFA
JJDQIGSTFWFWJJTFWJXMXXPQVPFKPJGLRMFKPJA
HAYAHGBMOWRHCKWKTTBCZEOHAYAXIMRJMPNYVTT
SSBABBPPOOGGGHNMNMEFEFLLLLCCDCJIIJQRQRA
TBAACJAAKHAAILAAMDAAEFAAGRAASNAAOPAAQAA
DNOBMCIKDMDODQGVANPWXAXSJUISIZXUILYFAAA
GWSNUVKJUTJMNRWGKTJESQEENUGIVFMKOQIJIVE
HKRLSDSMMKSSFKLLHQKKGMMMMKGGMEMSGORRFTE
JPOMRMRMSRMSKOMRMMSKMKMJMSKMJMJMPJJPOAA
BGSOWSYNNYUBWQDKBQYFDQSXKLPTBGSCIOARRAN
XIELMBFYQTPKUYCKWMXPIILFTYOJSCGTONFKUYC
JHIHKJJJKJJIHKHHHHHHJJHHJIIJHIIIHIJJHJJ
RCOUTPYMMMRZFIZGXREVODGQSNLDUDZXXVHKNYA
UNPPLQPXKYNEGVQXKYNLTRACDFIWLOQJBEUWQAF
JXCQGJHAAOJFSOOQIFSNDOFZEHBCLVHUXFUIHSI
ZTONPJLFUUBUEDBTYEDDDPPRQUHTKRMZJQYPCPF
UKKMLOSRLRQMSPPTSKMOOSOLSQTOOURQNTUKPQA
USCAOSHFCVZNTXDZTUHEUWKDROTUPHKXTQAOMDW
KGMVQXQMVLOCHTKMSJMARWMPKNFIXHCEGCMUROL
ECOLFLLFLHQFLHLHGBEFMHIRRCKEFMGQFLDIRRA
JJIJIKJJKJIIIIJJJIIIIJJKKKIJIIKIIJJIIKI
MOQTUPDUPDRPDRORODEOQTUODEXQMOQQTUPDROD
WMDJCANZULJMSTFAZEKMKLANZMKTNZSCNIQWUKL
IGTORUDLDLVSRUDLUJPDOHLQGTOHULLPDRRKAAA
RLHRPEKBSNDNYPLJVOGXIUKYBDWYNKPJXYNHZOF
QXTSVWSQVWQUOKUMTVQOYTUNQSLSXXVLQXOUYYM
VKGLXQBOAPDRGRJNIKCLZXUUFCRVQWZCIVLZSAA
SSTABBBQQQRDDCDFFFFPOPONNMMGGHGKKLLJIIJ
JFIAFICWFIZVFIYEFINBFIHNFIBNFIBFFIRVFIT
STSAAAAEFEEPOPOKKLKCCDDGHGGNNNNRRQRIJJJ
ULNTRQQOUJNMKJLSQOMOSQOJJSSTKQSJKRRMKPP
RIFKHNQQFQQKQQEQQKMPRIHNIKMGEQIKMGKMMPA
BHGYWYLXXMCCYQPDIPWVBXQBXHDERBKKLSOJBXH
MDHKNBOQHEGBOQCEGJMJMIHQCCKCKMDHKQHIHOH
TTBAAANMMNPOOPDDCCGHGGIIIIEEEELKKLRRQRA
WCHARKAWHPIKTOBNOIYJXJRBYBKONPWIWHPEQTK
POKFNJHJHOPOKFHFHEJOPOKNJHOHEJJHOPOKFHE
DGKJNMNFKMIJIFMMNHFHFIJJJNMIDGKNMNHLFKM
VQGSMVONETFVOMGNVNJQTPPIOEVRQGURAEKFBQF
DBCCBCBCBCCBBCDBDBDBDCBCCBBCCBCBDBCDCCB
FDKVPFIWWHCXKPOOFITTDDNMDMFCGKCQQTRBTYB
FCEDCCFCCCGEHCGEHCDFCEHDFCGDFCEEDGEEDGA
DSJKANNNKPPCMJAGIKFKANNUOZPSMDGXEFLDHKX
THUVSEBFVSEULTHSEBWUVFKLSBEKQQLEJSFSBEH
JROLKRRKRMKMRJRJROMRJRROLKKRKRLKRKMKMRA
SBAABDDCCIJJJEEFEMNMNRQRQPPPPLLKKGGGHAA
WFPDKSJZPOORJGMJQJPXZJQGMEHNXVAUYCHCVBI
HSALVJHOHYRGEVLWFIVFKQACPFBILFGITJIKZWA
DLOGJCEMOFCEPEDCDKPNAMRPQEBBOLPRGRDPHFN
UECCHLLJYEZABTADOKNMQZNIKMFTDACQHOWRTAA
LNRHDBRHTCRHRDRHPORHZERHRORHKTRHJWRHSAA
SKGRAYWHAWQNDJUHSNIWSGBHSCUIDGLROJOMHDA
FNMMOVMMWPMMQDMMEZMMATMMUBMMCRMMSXMMYAA
JFIRNLBDICRNOKOBDJNBBJDPJNJOKJPNCMNNROB
UMRUNUNQQQTORNQQTORSVTORSRSVMRUNQQQTOAA
PZPBWIWFCMWYSFROSOEAIPUAGCOWAPWKBJQUOAA
IREHRRYZFCKRARVYNIRASDFNPOZXDSHVJEEUPBD
OOXHRGDQNZKYUUNYRRAUSOSVLZXFZLRNWYTKHAA
ZWURPSSPUQZUTPSPNQUSSRTRSWTSOPRTZNPYWWP
SSGEMNUUGOZAWXJVXOMKNIECNQFZHPCUPIHFAAA
IJJJKLKIKIJILLJLKLIJIJJJKLKKLKLKLIJLIJK
IUMNLTGIURTGIYRTGMNLTNLTNTYRTGIUMLTNYAA
NRLSIACHQUORMBNUNAFFLAHCHOSANARSJLUHJHH
NKKKKNMOONNNMKLNNKKKKKNKNMKNOOOONNKOOON
EIJGECBNHNNEHIBBHKEGKDEIJGECBNHNHNNCKFB
QQPGFGVKOKONSBRQQNSBRVKONRQQPSBRQONSBAA
TRCHIRFGTIQRUCEQOKGLTUTDLSDQLNDDMMLFJGR
LURNSXOWOOHLUNHHMVLQHVQOYUVHPIQQKOSVXTW
NKXUBIQELZRTKGRXUKYKLEGZGMHHDJPZUHKASDQ
GHAHXSMPGKCXJTCBMNXTKJXWUEKJDZORPEOPGKC
DEUENCWPJXGLJUXLYSTFZIOLUSRXIEYGINAVBYL
KYPULWIMNTQLNCIYLZZIAWPMELOLSILYYPJMBQW
WTXRWRRSRTRWRSVVWTTXRWWRSRUVVWSRTWVWTXA
JOSJWXLKVXTQTSSJWJJNMTNPSVQSTTQOTVUJWOA
WKOQXQROQXQWKOQKOQXONVRONVROQXQWLONXOWW
RUKYNWHKIYMQHKRTVWVWKYMURUKYTJTJRTNWMQA
UXXSWVXSSPTPSQUUVRSRRTPXPVXXVWSSSPUPUTR
AGOEUCTSQCWKRYDLTHESTPEYLFTTCFWCDRXDRXS
LDRBUWMUZJVPIYPROFGSQPZMSEXNYBNZWQKXSCD
PTEWXCIYQUDTOUJZKURYGLAZSNUFHIVFTOUPEJA
KQGVHCAVQDUZBRFMRJBUYVOLPEETMRJCKXEQQKP
PLPKMKRRQSMXPLJJTJVMIRPXKPTTWWXVQTXPXUX
TSBABAJIIJRRRRLKLKHGGGDDCCFFFFPPPPMNNMA
NPRTNRUNUONNSNUNQQUSRRNUTSUUNUSUQSNUTOU
ICPTEFEXKLHZRFJJCLAJFZTHKLTVDBAIXOKHYBW
KSUKSUVDSUNXSUHKSUVNSUTZSULESUSMSUNTSUH
XDVRKTZLJVFIFOKTSOADUNSOGACRTYKGVNKFLIA
AEXKXKNBWWLZRPUCOYSFUFXDBKYTJWCRGGACYZL
XFBLNIWLLIHXRSXIWRIFLBRSNKKJTWRVROWZQJP
DLKKMTKKUXKKYBKKCPKKQRKKSVKKWNKKOZKKAAA
ACZTJIRDJGNZPFTPOGCUSFAZLTMYQDAVBWCVQAA
IGHKHPIIGHGGHJFFSNHQRSFGGGNHQRQRSFGGHJA
ABBBKKKKOOOOEFEECCDCQRRQGGHGJIIINMNMAAA
OHOIOFFGKMEFIKGKGEIIMGONKCDNDIGDOKKEJMN
QMTMSNTSLOSLSMQRTRTSMMLTRKLPQQLLQLRTKQS
BNMZQVTFRZBEZPLFBXQEAIMHUNFGEHLIQALEFNR
YFNJXFPUBYCXSSXZQMBLQAYYWOIFDKXVZMEMLAA
WDKBSUFZKLMBMNPACLHYRTVUXQXZKLMZSUINHRS
DIIGGEIIGDHIJFJDJEDFFFIEIGDDJDDDDGFJFFE
FLSCNJQOODXEHRRJAYHPFEJGMNCSEKYBSSWDXFW
AHOBHGZYVNKQGMUFBTHYKPITAQEDJOWLUYVJXEJ
XOWHNEZYEJLQZVVJPQXQEAHRYHBVSXRCDVXPAAA
YOCKRIRGYOZUODBOCDHDLPRQBUBLALTTRTTRAAA
JRQQSFQQGVQQWDQQEBQQCXQQYZQQATQQUHQQIAA
MKKDQTGKKDIOCDDEIIOTLDTQIOREDMJPEFWSLVC
YRRTXZWTWZQYUYRZPUSWTXZUYYXXZPUWXUYUSPR
RWSWWWWTSPWSWWTLQRWWTSQRWSLQRWWWWTTSPSA
XUCZCCSJQDZDOVYQIEKUVPKROEAOHSTGJCHPZDB
EEHHGFFEFFIFFFGEIGJHEJEEEHIJJIGEGFFFFAA
TBAABNMMMFEEEGHGHKKKKRRQROOPPIJJJDDCCAA
ZTTSRPUZSUZSUZUZTTSUZTPZUZXPZUTTSRZUZSA
UQUXTXRQUXQSXTXXRUQRUQUUXQRXQRXTXRUQRXS
SAAAAAAJIIJFFFEDDDCMNNNQRQRPOPPHHGGLLLK
CDBABBAABDCBAAABDAADCCBADCADDAACBCCBAAA
TSMFUQVSIZALNKBTMRWXQJRLSSJQJYPOTTYAFMB
EXPVQCVDZILLXQKRHGYANBFRMEACYBKZEKHWYOA
JILEGEGDNNMJIDNMFMJILLEGDGDNMFNMJIFNMAA
RQQSZQQAHQQIXQQYFQQGTQQUVQQWDQQEBQQCAAA
WPOCGTPWPOUHDPPOCGMUHDOMUHHDPWDPWPOOMUA
RTHPBHNNQMSQPHRLCISSLROOMLLAJPQSHLLEERA
QMPYEYKSPLJAFALYRKQGNSVAHNEJUNMSSLVGWAA
OKQMCOWTOSFBJLMGCNUVUGUGPSJRYBBSJRWEAAA
USNQPNUSUYSUYXVURQSNQPNQPNSUYXTXXTUYXVA
OHSSNSRKHTNSLLQGNLKIOHKMGGGGRKHTKINLKMA
QZJUAGOWRCQGFYWAHZQDMOFHBRFABFGLGFIBTAA
TBAACPAAQJAAKHAAIFAAGDAAELAAMNAAORAASAA
ZHZFHZKNHZKTHZDNHZJKHZURHZUEHZGWHZMHHZG
WNMCSOBMSNUBRQSTEHBSOBBHRUHPBLGPSVLUCTA
BAAANMMNFEEEDDDDRRRQLKLLGHGGIJJIOOOOAAA
LHEPVTTNLUHIWJLWQQCOCCPEDJNUFJCDLSCCAAA
LRZWLYTVSUQRLRPXTNYYMZWWQMVTPNYQOLXYXOR
IHEAIYKIYKAATOSSNJOMCDZJNRKCBAKSZLUVGGY
KFGEGSJGFNSJGFGKFGGFNJGSJGFGEGEGSJFNJLA
BAABAABLLKLMMMMDDCCHHGGFFEFRQRQOPOPIJII
KSRNLHORNJQTJLKQHNTIKTROORQPKLIQLUTTLNN
ZECFWBNITISSGNLRAJXQXWYTNCWDNAWWRIXCWKM
YLUKXFIDNCMNMREGRCRABBHSCAFHKXFPLEDFBNW
CIEJWRBWUDKFFFRNVDQFCCHSRYHFCCHDBROQQCY
KLFQPOPNHOQSHSHSSJHOQSPOUMUMNVKMKLNVPNA
XFSNVGQOPNVEDGJRDEXGULTGQLURUGSIOOLURAA
ZGSEUHKGMQITDLHMZQGQDPQBRZEBOIVHIWESAQW
BBABBABRRRQMMMNKLLLJIJJPPOODCCCEEEFGHHH
QYMCUGHMUPYFKWGKISPGJPLGEFCJERMAEXCSVQF
VMNTOPSSPPTNNMOQMVTMUQNMTONTOPVUTTRUTQA
YNBHYOFEJLBMUIQMNLPBUDTGFWIBMRFMCOWOMKE
OYUAHBJHKHPMAHBEJHAEFADPLVWZVCDCBPYUYXJ
IHHJKHHLQHHRYHHZWHHXOHHPSHHTUHHVMHHNAAA
ZRHLOLZLFHUWHXUUILOOKYLLQFOUYQIIOUWOXZL
EGUOGREFJCXXFTJXRQRGUOGETHHFJCXTPEEVEGU
LTVHWKOVHPZUWUXIGZDFCUOPOZNXLFDPLLQAXJM
UDEBPMYRTSJEAHBPZCPFHZQCTACFNVJEIGMYYBG
BBBBBBBJJIJOOOOMNMMDCCCQRRRFFFELKLLHGGG
SOSPIQDKFQTOUESEGBKDAAJTBFRGBPERUAOTFIT
SXHYNHAEZLUUJKJRAMLMJMZSUFZMCUQDSBZSXAA
SHHAHJIQIAHAFKIJCKIJCMJIQRFKIHAFDKEMJAA
OFVFVYUDOEDWOTMGJGYEABBEABBLWCWKOOURWVO
ZBPFFTEHOOGIYKHPZBNXDEEPMZRRJCATYWPWAAA
TSSBABBHGHHJJJJPPPOKKKKQRRRDDCCFFFEMMNM
SSTAAABMMMNOPOOLLLKGGHGIIIICDDCFFEEQQRQ
EFTVFTLXFTREFTNJNFTEFTMNFTRFFTSTFTJTFTK
BABABAIJIJLKLKHHGHNMMMQQQREEFFDDDDOPPPA
WDEDDFMDDNSDDTGDDHODDPQDDRIDDJUDDVKDDLA
OOPNPNNPNPPNPNPOOPPNPNOOPOOPOONPNPOPNPA
MXGKBJQDJKXGRIMDLICBYMXCYSTHXPCNUYABAAA
RBFNJRFMMPNFKBMFQEOAQQIOTAEINIRNCRFEPHK
KIIQJDHGFHDPOEDEHGPGDEHGFHGGDEDEDFGDEDA
TBBBBBACCDDIIIJEEEEPOOPMMMNLKKKHGGGRRQQ
USGDOJRVYWOWSJWJOJGWQMTQLPRYZJKGFOCMZQA
SSTBABAPOPPNMNMHHHGQQQQEEFEKKLLIIJJDDDD
HGHMHFYQYMUYXTIQRXHUXVQFTYRRKJFFHURIWNF
LXOEFKDQDJYEGSCQDJYGDBBSTDSHRWHGHSFMQVR
HPZORWZUMAYYQYBJBQKLDEQVUBUZWJBVUBUSUIA
TPGKPGNOPGYVPGWVZPGYPGBUPGNZPGDQPGISPGY
JGAJGABJGAGGGASDGAQIGAYSGACVGAAGGAASGAE
RUKLTLRUKVLRUUMPNRUKLGUTPMKUWJJJXUKLTAA
ZRSEVIAKVZNJHPSIVKGHPTNKISREXYCURZDKVZN
IMVRYLMVRYRYLZUPXZLZQYYUPXYLZQZQYUQYUPA
DJLGFMINHJKMFINOIKMJNJOGKHNKHMDEIHGNOHJ
NOONNOMMOMMNNOMNNONNMNNMONMOMOMNOOMMNNA
PRFTGSVFTOWPOWOILDJRDBCNLNXAECONMHUCCYJ
UNQXHPMWSUSUNQWSUNNQXHPFSMFSMWSMWSMPFSA
LJHNJJVQKGQPRKRVVGQMOGKRSPSQWNOKHTLOSRP
EDDPIWQZFEZKGPRBSWKCAJXIEBXPCJQEYFZDCML
DKSWKSPSKSDCKSDGKSIRKSDMKSATKSVJKSJYKSH
BIBAFEAEKIFCFBILFCFEADDBALDLDIBIBAFIFLF
KJKLKKLLKLJLJKLLLLJKJKLLKKLKLJKLJKJKLLJ
WXUWMTWXUSNXDXDGHBGQEXUWMDGHNVTSVQCEKAA
STTEHCUVHIRQJSDVSORSYXDXZPWNGEVLRFHRIJH
YWWYYWXWXYYWXYWYXYXYYWXWYYXYWYYYXWYWYWA
HAGBEFEFHCFADDDFHAAFBADCGGBADCDDDFHCAFA
THKJHKGQHKGQHKSIHKJVHIHGHKWYHKVOHKKCHKC
RHQNNJQMIOLIRGQLMKMQQKSTIQLLTLKQSRISSNT
IGFFFFHGGIGMHKFFFHJGFFFKFGGFGGIHKFGGIGF
GLIKGGJGGJLLLGLLIKJJLLLLLLGLGLIHKGGGJLL
KILDCJMEDIDGMEFGBDCJMCGCKIMHGCDIFGBDMHA
ZVGMLEDDLELEEYZFQCEYWLVTZVWLZFWIDDQCVTA
TIRTTLILIIJPJQOJPJQJPKQNIQTIJPJPKJOJQOO
BFGEFAFAKKKKWRWROZQTIIVVMNOZWTWTQTIIVVA
LLSPVPVJNQLLSVJNJVMWOWOQLOQLLSPVJMWOQAA
RTXJHNQVMPJQTKUJKVQQYXWWKTRIHYXTQHVUKKI
TVUSVRSRRRTUSSSUUTRSUVUTSUSSURTSUSSSUSV
TKAPSCNZCJDHFJBSYYHWYZCBFBZGODUYXGMMAEL
ABBABBAHHHHMNMNCDDCJJJJPPPPEFFFLLLKQRQR
PHMPKMYYNSSNJTLZUCPRZZSZSZLSSHNMPKMZSZL
FIJKBIFIIFEMLJJAFJIJNFJICIEJANIEJAFFPGA
ANIHXILKZRMRVXJPNVVIKIVOFFGNFTLTLHBSCRG
IHHJMHHNWHHXUHHVOHHPQHHRSHHTKHHLYHHZAAA
MHVXIRWMIVAHRQLJPOFIWAANRDBTOTQHIGSCCAA
TTABBADCCCFFFFRQRQPPOOIJJIHHHGMNNNKKLKA
VNSBOHSQVGAXEQXDNTZLSQAXBEKVCAJEDDPJSAA
PNLSNJOOSPQPQJPQQSPOPQPQRMSRJNOLPOQSSSR
BABBABBJJJJLLLKCCCCMNMNOPOOGHGGQQRRFFFE
QQPQNMOLQQNMRRLQQPRNLVQNMRQPQNMRRNRRNLA
EDDFSDDTQDDRKDDLIDDJMDDNGDDHUDDVODDPAAA
GULGQGCSGQOONFGQCBJGQGCQCBJCSGQWPMEFGJL
DFLHCJCIBKFFCJDDIBHIBHFDFLHCIBKKCIBLJIE
ADXVLVLFEIOCWZEIDLCTCQUSHESSKVNHVAXQTAA
VLKLLKXVLKKVLKUQLKOVLKARLKHRLKEOLKLLLKK
VVMEVMIHVMUOVMWTVMQTVMYAVMYGVMKWVMITVMY
BFDCLSCLSTLPKSIPIURTLPGORTJQADBFDCHJQAA
GSYGSYHDXSYCSYLQSYDVSYQXSYLZSYZJSYRDSYA
PSKOHILNTMTHDJTNLOEKGHHIJOESFPTMINEMAAA
QABTDONUYMTDOMFUDPJGVRYTHJGATLCXLHRDQUA
IMZRAEZANMLRIASSTIMOSFBDYUCYHBYARIHGRLY
STWJJHHLLUPIWNLNLRTTOQWVSHLVOUNWSSISULL
RQQTQSRRTQSQSQTQSQTTTRRQTRRRQQTSSTRSTRS
JEELPEGHYYEERAXKVOBXJJFOOFXIDSHEPVEDUUQ
TSTBBBBRRQQEEFFKLKLHHHGDDDCOPPPIIJJNMNM
HNJKIHNNMKMKIHKHLJNMLHNNKHHNJNNNJINMIIM
IGAXQEJIKLLJKENLJHGTRWIGAGIBYWNNWABFUCT
MJHMKMGMHLGIGJHGGIMKJKMIMJKHKHMGGGIMHII
KLNOGGTNLNHOHSNUJLOKHSQTNHKKMUUNOKKQJKN
XVHGORXEJTSCHKXGOWNREBEIVGMTKBFZATHVNQA
OVTLBAOATRMDADPIGNDDPVHLNNVBAOVVATRVHQT
KJJNJGHGHLPHONIPFIGGOHGNOMFPNMNGNHKFHQP
ZHQHZSLHVQQSYQYQZHXRLHWVTMTMVTVQWVZSXRA
ORNLKRDLDINJLDQNOLHDMLEKMJLNSMJEERNQQOK
MNPONOOPOOMMPMNNOPOOPPPMNPOMNOMOMPMMNPM
KTZFKDEFJBMQNAWCXOWCZUYWGTZXVKIZUYWHRWR
CSEEEPOPSAMKEEPEEPOEEPONKJASAMRCECSAMRJ
TTBBBBBKLLLHGGHRRQQNMNMCCCDOOPPJJIJEEFE
GLCHGLCXKLCYYLCKALCDVLCBYLCRBLCUBLCMAAA
MSLLPOSOTTLUULSRVLLPLPLORLOROMMSLOSOTAA
LAKUYECDWVALAKUWCHGLORGFKULEZWVYDNBRVAO
SUXAWIMMHPKPDXFAQRRKMHZAIHZZSWAFWVAZMBP
SNWDNWQQNWSBNWXSNWVVNWTPNWPUNWCYNWQBNWC
HDHHIDHDHHDDIFGEGEDGHEDHEDEEEIHHFDEFGGH
LMVIINOSGQPSJWMESSSPRPGOKSPGLLLPQUOMITS
WDEDDFMDDNUDDVGDDHIDDJSDDTODDPKDDLQDDRA
OLNKRMKRMQOQRHLNKRJOLNMQOQRMQOQOQRQRHIA
TLKXNQRKXNQLLQQLKXNLQQTQQTLLLLQQTLKTLLL
BABABAGGHGOOPPRRRQEFEEMMNNCCDDLKLKIIIIA
LQKEFOGMGRWOJGFGOGSWULLFTJIIVPKKRPMVNFO
GKJFKJMUKJWKKUKCKJFAKJVKKJBKKJOUKJDRKJB
JGKQGKTTGKGJGKKDGKRUGTGFGKBKGKXDGKOJGKL
NPHZFBNBIYFXBEVXVTHIXEIGHUYSPVRLNVLEQQE
OIGLPPONPHPNDNNMDDNHMLHNJDOHGPNOKLJPJDM
TNOPTSVSQTOPTSQPSNTNOPTNNWRTNNNWQNSTPTA
