82278
62
669627
38782
19651881
77525612
3387
4
217823
9544
527413
6029
3982725
4589
2578
3091
1455
1870
187
319556
9081
517165
62437782
17803891
83716966
891792778
9743861
9828
483942
8
804637
5223
261523
3088
108492
10673
2972877
98
474966
77
44591746
39169917
89728692
43
73462487
3146
1590
208820
5015
37759456
1617
40
7199
60
254968957
8465
6731
65851
649
80889683
7991
3393
3696
8596
2796
57
857
4944749
1929
5616
341086
3038409
6651
7844876
22508196
28471
9195642
50107309852
384
66
977
6348298
32692
7579
36
9248
35
228
21779445
579270
165526
314258
55419
667
27788
46
6078
811
2591893720
1836
